{"/home/travis/build/npmtest/node-npmtest-googleapis/test.js":{"path":"/home/travis/build/npmtest/node-npmtest-googleapis/test.js","s":{"1":2,"2":2,"3":2,"4":2,"5":2,"6":2,"7":2,"8":1,"9":2,"10":2,"11":1,"12":1,"13":1,"14":1,"15":2,"16":2,"17":2,"18":2,"19":1,"20":1,"21":2,"22":2,"23":2,"24":1,"25":1,"26":1,"27":1,"28":1,"29":1,"30":1,"31":1,"32":1,"33":1,"34":1,"35":1,"36":1,"37":1,"38":1,"39":2,"40":2,"41":1,"42":2,"43":2,"44":1,"45":2,"46":2,"47":1,"48":2,"49":2,"50":1,"51":1,"52":1,"53":1,"54":1},"b":{"1":[2,1,1,1],"2":[1,1,1,1],"3":[1,1],"4":[1,1],"5":[1,1],"6":[1,1],"7":[1,1],"8":[1,1],"9":[1,1],"10":[1,1,1],"11":[1,1],"12":[1,1],"13":[1,1],"14":[1,1],"15":[1,1],"16":[1,1],"17":[1,1]},"f":{"1":2,"2":2,"3":2,"4":2,"5":2,"6":1,"7":1,"8":1,"9":2,"10":2,"11":2,"12":2,"13":1},"fnMap":{"1":{"name":"(anonymous_1)","line":12,"loc":{"start":{"line":12,"column":1},"end":{"line":12,"column":13}}},"2":{"name":"(anonymous_2)","line":19,"loc":{"start":{"line":19,"column":5},"end":{"line":19,"column":17}}},"3":{"name":"(anonymous_3)","line":23,"loc":{"start":{"line":23,"column":24},"end":{"line":23,"column":36}}},"4":{"name":"(anonymous_4)","line":61,"loc":{"start":{"line":61,"column":5},"end":{"line":61,"column":17}}},"5":{"name":"(anonymous_5)","line":82,"loc":{"start":{"line":82,"column":5},"end":{"line":82,"column":17}}},"6":{"name":"(anonymous_6)","line":91,"loc":{"start":{"line":91,"column":77},"end":{"line":94,"column":10}}},"7":{"name":"(anonymous_7)","line":112,"loc":{"start":{"line":112,"column":83},"end":{"line":115,"column":10}},"skip":true},"8":{"name":"(anonymous_8)","line":123,"loc":{"start":{"line":123,"column":77},"end":{"line":126,"column":10}},"skip":true},"9":{"name":"(anonymous_9)","line":139,"loc":{"start":{"line":139,"column":12},"end":{"line":139,"column":40}},"skip":true},"10":{"name":"(anonymous_10)","line":147,"loc":{"start":{"line":147,"column":77},"end":{"line":150,"column":10}},"skip":true},"11":{"name":"(anonymous_11)","line":158,"loc":{"start":{"line":158,"column":83},"end":{"line":161,"column":10}},"skip":true},"12":{"name":"(anonymous_12)","line":169,"loc":{"start":{"line":169,"column":79},"end":{"line":172,"column":10}},"skip":true},"13":{"name":"(anonymous_13)","line":180,"loc":{"start":{"line":180,"column":75},"end":{"line":183,"column":10}},"skip":true}},"statementMap":{"1":{"start":{"line":12,"column":0},"end":{"line":195,"column":5}},"2":{"start":{"line":14,"column":4},"end":{"line":14,"column":14}},"3":{"start":{"line":19,"column":4},"end":{"line":56,"column":9}},"4":{"start":{"line":21,"column":8},"end":{"line":21,"column":19}},"5":{"start":{"line":23,"column":8},"end":{"line":35,"column":13}},"6":{"start":{"line":24,"column":12},"end":{"line":34,"column":13}},"7":{"start":{"line":25,"column":16},"end":{"line":28,"column":30}},"8":{"start":{"line":30,"column":16},"end":{"line":33,"column":27}},"9":{"start":{"line":37,"column":8},"end":{"line":39,"column":21}},"10":{"start":{"line":40,"column":8},"end":{"line":53,"column":9}},"11":{"start":{"line":43,"column":12},"end":{"line":46,"column":14}},"12":{"start":{"line":47,"column":12},"end":{"line":47,"column":18}},"13":{"start":{"line":50,"column":12},"end":{"line":51,"column":46}},"14":{"start":{"line":52,"column":12},"end":{"line":52,"column":18}},"15":{"start":{"line":55,"column":8},"end":{"line":55,"column":35}},"16":{"start":{"line":61,"column":4},"end":{"line":63,"column":9}},"17":{"start":{"line":62,"column":8},"end":{"line":62,"column":15}},"18":{"start":{"line":64,"column":4},"end":{"line":77,"column":5}},"19":{"start":{"line":70,"column":8},"end":{"line":70,"column":14}},"20":{"start":{"line":76,"column":8},"end":{"line":76,"column":14}},"21":{"start":{"line":82,"column":4},"end":{"line":84,"column":9}},"22":{"start":{"line":83,"column":8},"end":{"line":83,"column":15}},"23":{"start":{"line":85,"column":4},"end":{"line":194,"column":5}},"24":{"start":{"line":91,"column":8},"end":{"line":99,"column":10}},"25":{"start":{"line":98,"column":12},"end":{"line":98,"column":35}},"26":{"start":{"line":102,"column":8},"end":{"line":104,"column":63}},"27":{"start":{"line":105,"column":8},"end":{"line":105,"column":14}},"28":{"start":{"line":112,"column":8},"end":{"line":121,"column":10},"skip":true},"29":{"start":{"line":119,"column":12},"end":{"line":119,"column":55},"skip":true},"30":{"start":{"line":120,"column":12},"end":{"line":120,"column":48},"skip":true},"31":{"start":{"line":123,"column":8},"end":{"line":136,"column":10},"skip":true},"32":{"start":{"line":130,"column":12},"end":{"line":130,"column":76},"skip":true},"33":{"start":{"line":131,"column":12},"end":{"line":131,"column":73},"skip":true},"34":{"start":{"line":132,"column":12},"end":{"line":132,"column":74},"skip":true},"35":{"start":{"line":133,"column":12},"end":{"line":133,"column":79},"skip":true},"36":{"start":{"line":134,"column":12},"end":{"line":134,"column":25},"skip":true},"37":{"start":{"line":135,"column":12},"end":{"line":135,"column":45},"skip":true},"38":{"start":{"line":138,"column":8},"end":{"line":145,"column":14},"skip":true},"39":{"start":{"line":143,"column":16},"end":{"line":143,"column":29},"skip":true},"40":{"start":{"line":144,"column":16},"end":{"line":144,"column":55},"skip":true},"41":{"start":{"line":147,"column":8},"end":{"line":156,"column":10},"skip":true},"42":{"start":{"line":154,"column":12},"end":{"line":154,"column":25},"skip":true},"43":{"start":{"line":155,"column":12},"end":{"line":155,"column":45},"skip":true},"44":{"start":{"line":158,"column":8},"end":{"line":167,"column":10},"skip":true},"45":{"start":{"line":165,"column":12},"end":{"line":165,"column":25},"skip":true},"46":{"start":{"line":166,"column":12},"end":{"line":166,"column":48},"skip":true},"47":{"start":{"line":169,"column":8},"end":{"line":178,"column":10},"skip":true},"48":{"start":{"line":176,"column":12},"end":{"line":176,"column":25},"skip":true},"49":{"start":{"line":177,"column":12},"end":{"line":177,"column":46},"skip":true},"50":{"start":{"line":180,"column":8},"end":{"line":189,"column":10},"skip":true},"51":{"start":{"line":187,"column":12},"end":{"line":187,"column":94},"skip":true},"52":{"start":{"line":188,"column":12},"end":{"line":188,"column":48},"skip":true},"53":{"start":{"line":192,"column":8},"end":{"line":192,"column":35},"skip":true},"54":{"start":{"line":193,"column":8},"end":{"line":193,"column":14},"skip":true}},"branchMap":{"1":{"line":25,"type":"binary-expr","locations":[{"start":{"line":25,"column":23},"end":{"line":25,"column":62}},{"start":{"line":26,"column":20},"end":{"line":26,"column":70}},{"start":{"line":27,"column":20},"end":{"line":27,"column":71}},{"start":{"line":28,"column":20},"end":{"line":28,"column":29}}]},"2":{"line":30,"type":"binary-expr","locations":[{"start":{"line":30,"column":23},"end":{"line":30,"column":37}},{"start":{"line":31,"column":20},"end":{"line":31,"column":61}},{"start":{"line":32,"column":20},"end":{"line":32,"column":70}},{"start":{"line":33,"column":20},"end":{"line":33,"column":26}}]},"3":{"line":37,"type":"cond-expr","locations":[{"start":{"line":38,"column":14},"end":{"line":38,"column":20}},{"start":{"line":39,"column":14},"end":{"line":39,"column":20}}]},"4":{"line":40,"type":"switch","locations":[{"start":{"line":42,"column":8},"end":{"line":47,"column":18}},{"start":{"line":49,"column":8},"end":{"line":52,"column":18}}]},"5":{"line":44,"type":"binary-expr","locations":[{"start":{"line":44,"column":16},"end":{"line":44,"column":44}},{"start":{"line":44,"column":48},"end":{"line":44,"column":66}}]},"6":{"line":50,"type":"binary-expr","locations":[{"start":{"line":50,"column":21},"end":{"line":50,"column":49}},{"start":{"line":50,"column":53},"end":{"line":50,"column":72}}]},"7":{"line":64,"type":"switch","locations":[{"start":{"line":69,"column":4},"end":{"line":70,"column":14}},{"start":{"line":75,"column":4},"end":{"line":76,"column":14}}]},"8":{"line":85,"type":"switch","locations":[{"start":{"line":90,"column":4},"end":{"line":105,"column":14}},{"start":{"line":111,"column":4},"end":{"line":193,"column":14},"skip":true}]},"9":{"line":91,"type":"binary-expr","locations":[{"start":{"line":91,"column":42},"end":{"line":91,"column":73}},{"start":{"line":91,"column":77},"end":{"line":99,"column":9}}]},"10":{"line":102,"type":"binary-expr","locations":[{"start":{"line":102,"column":18},"end":{"line":102,"column":32}},{"start":{"line":103,"column":12},"end":{"line":103,"column":53}},{"start":{"line":104,"column":12},"end":{"line":104,"column":61}}]},"11":{"line":112,"type":"binary-expr","locations":[{"start":{"line":112,"column":45},"end":{"line":112,"column":79},"skip":true},{"start":{"line":112,"column":83},"end":{"line":121,"column":9},"skip":true}]},"12":{"line":123,"type":"binary-expr","locations":[{"start":{"line":123,"column":42},"end":{"line":123,"column":73},"skip":true},{"start":{"line":123,"column":77},"end":{"line":136,"column":9},"skip":true}]},"13":{"line":138,"type":"binary-expr","locations":[{"start":{"line":138,"column":48},"end":{"line":138,"column":85},"skip":true},{"start":{"line":139,"column":12},"end":{"line":145,"column":13},"skip":true}]},"14":{"line":147,"type":"binary-expr","locations":[{"start":{"line":147,"column":42},"end":{"line":147,"column":73},"skip":true},{"start":{"line":147,"column":77},"end":{"line":156,"column":9},"skip":true}]},"15":{"line":158,"type":"binary-expr","locations":[{"start":{"line":158,"column":45},"end":{"line":158,"column":79},"skip":true},{"start":{"line":158,"column":83},"end":{"line":167,"column":9},"skip":true}]},"16":{"line":169,"type":"binary-expr","locations":[{"start":{"line":169,"column":43},"end":{"line":169,"column":75},"skip":true},{"start":{"line":169,"column":79},"end":{"line":178,"column":9},"skip":true}]},"17":{"line":180,"type":"binary-expr","locations":[{"start":{"line":180,"column":41},"end":{"line":180,"column":71},"skip":true},{"start":{"line":180,"column":75},"end":{"line":189,"column":9},"skip":true}]}},"code":["/* istanbul instrument in package npmtest_googleapis */","/*jslint","    bitwise: true,","    browser: true,","    maxerr: 8,","    maxlen: 96,","    node: true,","    nomen: true,","    regexp: true,","    stupid: true","*/","(function () {","    'use strict';","    var local;","","","","    // run shared js-env code - pre-init","    (function () {","        // init local","        local = {};","        // init modeJs","        local.modeJs = (function () {","            try {","                return typeof navigator.userAgent === 'string' &&","                    typeof document.querySelector('body') === 'object' &&","                    typeof XMLHttpRequest.prototype.open === 'function' &&","                    'browser';","            } catch (errorCaughtBrowser) {","                return module.exports &&","                    typeof process.versions.node === 'string' &&","                    typeof require('http').createServer === 'function' &&","                    'node';","            }","        }());","        // init global","        local.global = local.modeJs === 'browser'","            ? window","            : global;","        switch (local.modeJs) {","        // re-init local from window.local","        case 'browser':","            local = local.global.utility2.objectSetDefault(","                local.global.utility2_rollup || local.global.local,","                local.global.utility2","            );","            break;","        // re-init local from example.js","        case 'node':","            local = (local.global.utility2_rollup || require('utility2'))","                .requireExampleJsFromReadme();","            break;","        }","        // export local","        local.global.local = local;","    }());","","","","    // run shared js-env code - function","    (function () {","        return;","    }());","    switch (local.modeJs) {","","","","    // run browser js-env code - function","    case 'browser':","        break;","","","","    // run node js-env code - function","    case 'node':","        break;","    }","","","","    // run shared js-env code - post-init","    (function () {","        return;","    }());","    switch (local.modeJs) {","","","","    // run browser js-env code - post-init","    case 'browser':","        local.testCase_browser_nullCase = local.testCase_browser_nullCase || function (","            options,","            onError","        ) {","        /*","         * this function will test browsers's null-case handling-behavior-behavior","         */","            onError(null, options);","        };","","        // run tests","        local.nop(local.modeTest &&","            document.querySelector('#testRunButton1') &&","            document.querySelector('#testRunButton1').click());","        break;","","","","    // run node js-env code - post-init","    /* istanbul ignore next */","    case 'node':","        local.testCase_buildApidoc_default = local.testCase_buildApidoc_default || function (","            options,","            onError","        ) {","        /*","         * this function will test buildApidoc's default handling-behavior-behavior","         */","            options = { modulePathList: module.paths };","            local.buildApidoc(options, onError);","        };","","        local.testCase_buildApp_default = local.testCase_buildApp_default || function (","            options,","            onError","        ) {","        /*","         * this function will test buildApp's default handling-behavior-behavior","         */","            local.testCase_buildReadme_default(options, local.onErrorThrow);","            local.testCase_buildLib_default(options, local.onErrorThrow);","            local.testCase_buildTest_default(options, local.onErrorThrow);","            local.testCase_buildCustomOrg_default(options, local.onErrorThrow);","            options = [];","            local.buildApp(options, onError);","        };","","        local.testCase_buildCustomOrg_default = local.testCase_buildCustomOrg_default ||","            function (options, onError) {","            /*","             * this function will test buildCustomOrg's default handling-behavior","             */","                options = {};","                local.buildCustomOrg(options, onError);","            };","","        local.testCase_buildLib_default = local.testCase_buildLib_default || function (","            options,","            onError","        ) {","        /*","         * this function will test buildLib's default handling-behavior","         */","            options = {};","            local.buildLib(options, onError);","        };","","        local.testCase_buildReadme_default = local.testCase_buildReadme_default || function (","            options,","            onError","        ) {","        /*","         * this function will test buildReadme's default handling-behavior-behavior","         */","            options = {};","            local.buildReadme(options, onError);","        };","","        local.testCase_buildTest_default = local.testCase_buildTest_default || function (","            options,","            onError","        ) {","        /*","         * this function will test buildTest's default handling-behavior","         */","            options = {};","            local.buildTest(options, onError);","        };","","        local.testCase_webpage_default = local.testCase_webpage_default || function (","            options,","            onError","        ) {","        /*","         * this function will test webpage's default handling-behavior","         */","            options = { modeCoverageMerge: true, url: local.serverLocalHost + '?modeTest=1' };","            local.browserTest(options, onError);","        };","","        // run test-server","        local.testRunServer(local);","        break;","    }","}());",""],"l":{"12":2,"14":2,"19":2,"21":2,"23":2,"24":2,"25":2,"30":1,"37":2,"40":2,"43":1,"47":1,"50":1,"52":1,"55":2,"61":2,"62":2,"64":2,"70":1,"76":1,"82":2,"83":2,"85":2,"91":1,"98":1,"102":1,"105":1,"112":1,"119":1,"120":1,"123":1,"130":1,"131":1,"132":1,"133":1,"134":1,"135":1,"138":1,"143":2,"144":2,"147":1,"154":2,"155":2,"158":1,"165":2,"166":2,"169":1,"176":2,"177":2,"180":1,"187":1,"188":1,"192":1,"193":1}},"/home/travis/build/npmtest/node-npmtest-googleapis/lib.npmtest_googleapis.js":{"path":"/home/travis/build/npmtest/node-npmtest-googleapis/lib.npmtest_googleapis.js","s":{"1":2,"2":2,"3":2,"4":2,"5":2,"6":2,"7":2,"8":1,"9":2,"10":2,"11":2,"12":2,"13":1,"14":1,"15":1,"16":1},"b":{"1":[2,1,1,1],"2":[1,1,1,1],"3":[1,1],"4":[2,2],"5":[1,1]},"f":{"1":2,"2":2,"3":2},"fnMap":{"1":{"name":"(anonymous_1)","line":12,"loc":{"start":{"line":12,"column":1},"end":{"line":12,"column":13}}},"2":{"name":"(anonymous_2)","line":19,"loc":{"start":{"line":19,"column":5},"end":{"line":19,"column":17}}},"3":{"name":"(anonymous_3)","line":23,"loc":{"start":{"line":23,"column":24},"end":{"line":23,"column":36}}}},"statementMap":{"1":{"start":{"line":12,"column":0},"end":{"line":53,"column":5}},"2":{"start":{"line":14,"column":4},"end":{"line":14,"column":14}},"3":{"start":{"line":19,"column":4},"end":{"line":52,"column":9}},"4":{"start":{"line":21,"column":8},"end":{"line":21,"column":19}},"5":{"start":{"line":23,"column":8},"end":{"line":35,"column":13}},"6":{"start":{"line":24,"column":12},"end":{"line":34,"column":13}},"7":{"start":{"line":25,"column":16},"end":{"line":28,"column":30}},"8":{"start":{"line":30,"column":16},"end":{"line":33,"column":27}},"9":{"start":{"line":37,"column":8},"end":{"line":39,"column":21}},"10":{"start":{"line":41,"column":8},"end":{"line":41,"column":54}},"11":{"start":{"line":43,"column":8},"end":{"line":43,"column":55}},"12":{"start":{"line":45,"column":8},"end":{"line":51,"column":9}},"13":{"start":{"line":46,"column":12},"end":{"line":46,"column":61}},"14":{"start":{"line":48,"column":12},"end":{"line":48,"column":35}},"15":{"start":{"line":49,"column":12},"end":{"line":49,"column":49}},"16":{"start":{"line":50,"column":12},"end":{"line":50,"column":43}}},"branchMap":{"1":{"line":25,"type":"binary-expr","locations":[{"start":{"line":25,"column":23},"end":{"line":25,"column":62}},{"start":{"line":26,"column":20},"end":{"line":26,"column":70}},{"start":{"line":27,"column":20},"end":{"line":27,"column":71}},{"start":{"line":28,"column":20},"end":{"line":28,"column":29}}]},"2":{"line":30,"type":"binary-expr","locations":[{"start":{"line":30,"column":23},"end":{"line":30,"column":37}},{"start":{"line":31,"column":20},"end":{"line":31,"column":61}},{"start":{"line":32,"column":20},"end":{"line":32,"column":70}},{"start":{"line":33,"column":20},"end":{"line":33,"column":26}}]},"3":{"line":37,"type":"cond-expr","locations":[{"start":{"line":38,"column":14},"end":{"line":38,"column":20}},{"start":{"line":39,"column":14},"end":{"line":39,"column":20}}]},"4":{"line":41,"type":"binary-expr","locations":[{"start":{"line":41,"column":16},"end":{"line":41,"column":44}},{"start":{"line":41,"column":48},"end":{"line":41,"column":53}}]},"5":{"line":45,"type":"if","locations":[{"start":{"line":45,"column":8},"end":{"line":45,"column":8}},{"start":{"line":45,"column":8},"end":{"line":45,"column":8}}]}},"code":["/* istanbul instrument in package npmtest_googleapis */","/*jslint","    bitwise: true,","    browser: true,","    maxerr: 8,","    maxlen: 96,","    node: true,","    nomen: true,","    regexp: true,","    stupid: true","*/","(function () {","    'use strict';","    var local;","","","","    // run shared js-env code - pre-init","    (function () {","        // init local","        local = {};","        // init modeJs","        local.modeJs = (function () {","            try {","                return typeof navigator.userAgent === 'string' &&","                    typeof document.querySelector('body') === 'object' &&","                    typeof XMLHttpRequest.prototype.open === 'function' &&","                    'browser';","            } catch (errorCaughtBrowser) {","                return module.exports &&","                    typeof process.versions.node === 'string' &&","                    typeof require('http').createServer === 'function' &&","                    'node';","            }","        }());","        // init global","        local.global = local.modeJs === 'browser'","            ? window","            : global;","        // init utility2_rollup","        local = local.global.utility2_rollup || local;","        // init lib","        local.local = local.npmtest_googleapis = local;","        // init exports","        if (local.modeJs === 'browser') {","            local.global.utility2_npmtest_googleapis = local;","        } else {","            module.exports = local;","            module.exports.__dirname = __dirname;","            module.exports.module = module;","        }","    }());","}());",""],"l":{"12":2,"14":2,"19":2,"21":2,"23":2,"24":2,"25":2,"30":1,"37":2,"41":2,"43":2,"45":2,"46":1,"48":1,"49":1,"50":1}},"/home/travis/build/npmtest/node-npmtest-googleapis/example.js":{"path":"/home/travis/build/npmtest/node-npmtest-googleapis/example.js","s":{"1":2,"2":2,"3":2,"4":2,"5":2,"6":2,"7":2,"8":1,"9":2,"10":2,"11":2,"12":2,"13":1,"14":2,"15":2,"16":2,"17":2,"18":2,"19":0,"20":2,"21":1,"22":1,"23":1,"24":1,"25":1,"26":0,"27":0,"28":1,"29":1,"30":2,"31":0,"32":0,"33":0,"34":1,"35":2,"36":2,"37":3,"38":3,"39":3,"40":3,"41":0,"42":3,"43":3,"44":3,"45":1,"46":3,"47":1,"48":1,"49":1,"50":1,"51":1,"52":1,"53":1,"54":1,"55":1,"56":1,"57":0,"58":1,"59":6,"60":6,"61":1,"62":2,"63":0,"64":2,"65":1,"66":1,"67":0,"68":0,"69":0,"70":0,"71":0,"72":0,"73":0,"74":0,"75":0,"76":0,"77":0,"78":0,"79":0,"80":0,"81":0,"82":0,"83":0},"b":{"1":[2,1,1,1],"2":[1,1,1,1],"3":[1,1],"4":[2,2],"5":[1,1],"6":[1,1],"7":[2,0],"8":[2,1,1,1,1,1],"9":[0,2,0],"10":[1,1],"11":[2,1,1],"12":[1,0],"13":[0,2],"14":[2,0,0,0,0,0,0],"15":[0,3],"16":[3,0],"17":[1,1],"18":[0,1],"19":[1,2,0,2],"20":[1,0],"21":[1,1],"22":[0,0],"23":[0,0],"24":[0,0],"25":[0,0],"26":[0,0],"27":[0,0],"28":[0,0]},"f":{"1":2,"2":2,"3":2,"4":2,"5":2,"6":2,"7":3,"8":3,"9":3,"10":1,"11":6,"12":0},"fnMap":{"1":{"name":"(anonymous_1)","line":26,"loc":{"start":{"line":26,"column":1},"end":{"line":26,"column":13}}},"2":{"name":"(anonymous_2)","line":33,"loc":{"start":{"line":33,"column":5},"end":{"line":33,"column":17}}},"3":{"name":"(anonymous_3)","line":37,"loc":{"start":{"line":37,"column":24},"end":{"line":37,"column":36}}},"4":{"name":"(anonymous_4)","line":69,"loc":{"start":{"line":69,"column":31},"end":{"line":69,"column":48}},"skip":true},"5":{"name":"(anonymous_5)","line":78,"loc":{"start":{"line":78,"column":26},"end":{"line":78,"column":45}},"skip":true},"6":{"name":"(anonymous_6)","line":123,"loc":{"start":{"line":123,"column":33},"end":{"line":123,"column":48}},"skip":true},"7":{"name":"(anonymous_7)","line":125,"loc":{"start":{"line":125,"column":27},"end":{"line":125,"column":39}},"skip":true},"8":{"name":"(anonymous_8)","line":133,"loc":{"start":{"line":133,"column":59},"end":{"line":133,"column":74}},"skip":true},"9":{"name":"(anonymous_9)","line":143,"loc":{"start":{"line":143,"column":45},"end":{"line":143,"column":62}},"skip":true},"10":{"name":"(anonymous_10)","line":144,"loc":{"start":{"line":144,"column":73},"end":{"line":144,"column":92}},"skip":true},"11":{"name":"(anonymous_11)","line":272,"loc":{"start":{"line":272,"column":51},"end":{"line":272,"column":77}},"skip":true},"12":{"name":"(anonymous_12)","line":315,"loc":{"start":{"line":315,"column":32},"end":{"line":315,"column":61}},"skip":true}},"statementMap":{"1":{"start":{"line":26,"column":0},"end":{"line":326,"column":5}},"2":{"start":{"line":28,"column":4},"end":{"line":28,"column":14}},"3":{"start":{"line":33,"column":4},"end":{"line":60,"column":9}},"4":{"start":{"line":35,"column":8},"end":{"line":35,"column":19}},"5":{"start":{"line":37,"column":8},"end":{"line":49,"column":13}},"6":{"start":{"line":38,"column":12},"end":{"line":48,"column":13}},"7":{"start":{"line":39,"column":16},"end":{"line":42,"column":30}},"8":{"start":{"line":44,"column":16},"end":{"line":47,"column":27}},"9":{"start":{"line":51,"column":8},"end":{"line":53,"column":21}},"10":{"start":{"line":55,"column":8},"end":{"line":57,"column":45}},"11":{"start":{"line":59,"column":8},"end":{"line":59,"column":35}},"12":{"start":{"line":61,"column":4},"end":{"line":325,"column":5}},"13":{"start":{"line":69,"column":8},"end":{"line":121,"column":10},"skip":true},"14":{"start":{"line":70,"column":12},"end":{"line":88,"column":13},"skip":true},"15":{"start":{"line":76,"column":16},"end":{"line":87,"column":19},"skip":true},"16":{"start":{"line":79,"column":20},"end":{"line":86,"column":21},"skip":true},"17":{"start":{"line":82,"column":24},"end":{"line":82,"column":43},"skip":true},"18":{"start":{"line":83,"column":24},"end":{"line":83,"column":30},"skip":true},"19":{"start":{"line":85,"column":24},"end":{"line":85,"column":49},"skip":true},"20":{"start":{"line":89,"column":12},"end":{"line":107,"column":13},"skip":true},"21":{"start":{"line":92,"column":16},"end":{"line":102,"column":17},"skip":true},"22":{"start":{"line":93,"column":20},"end":{"line":93,"column":86},"skip":true},"23":{"start":{"line":94,"column":20},"end":{"line":95,"column":45},"skip":true},"24":{"start":{"line":96,"column":20},"end":{"line":96,"column":42},"skip":true},"25":{"start":{"line":97,"column":20},"end":{"line":97,"column":48},"skip":true},"26":{"start":{"line":100,"column":20},"end":{"line":100,"column":85},"skip":true},"27":{"start":{"line":101,"column":20},"end":{"line":101,"column":96},"skip":true},"28":{"start":{"line":103,"column":16},"end":{"line":103,"column":22},"skip":true},"29":{"start":{"line":106,"column":16},"end":{"line":106,"column":22},"skip":true},"30":{"start":{"line":108,"column":12},"end":{"line":120,"column":13},"skip":true},"31":{"start":{"line":114,"column":16},"end":{"line":119,"column":17},"skip":true},"32":{"start":{"line":116,"column":20},"end":{"line":116,"column":78},"skip":true},"33":{"start":{"line":118,"column":20},"end":{"line":118,"column":47},"skip":true},"34":{"start":{"line":123,"column":8},"end":{"line":141,"column":11},"skip":true},"35":{"start":{"line":124,"column":12},"end":{"line":124,"column":54},"skip":true},"36":{"start":{"line":125,"column":12},"end":{"line":140,"column":14},"skip":true},"37":{"start":{"line":126,"column":16},"end":{"line":126,"column":28},"skip":true},"38":{"start":{"line":127,"column":16},"end":{"line":127,"column":69},"skip":true},"39":{"start":{"line":128,"column":16},"end":{"line":128,"column":75},"skip":true},"40":{"start":{"line":129,"column":16},"end":{"line":131,"column":17},"skip":true},"41":{"start":{"line":130,"column":20},"end":{"line":130,"column":27},"skip":true},"42":{"start":{"line":133,"column":16},"end":{"line":137,"column":36},"skip":true},"43":{"start":{"line":134,"column":20},"end":{"line":136,"column":55},"skip":true},"44":{"start":{"line":139,"column":16},"end":{"line":139,"column":57},"skip":true},"45":{"start":{"line":143,"column":8},"end":{"line":147,"column":11},"skip":true},"46":{"start":{"line":144,"column":12},"end":{"line":146,"column":15},"skip":true},"47":{"start":{"line":145,"column":16},"end":{"line":145,"column":70},"skip":true},"48":{"start":{"line":149,"column":8},"end":{"line":149,"column":31},"skip":true},"49":{"start":{"line":150,"column":8},"end":{"line":150,"column":14},"skip":true},"50":{"start":{"line":158,"column":8},"end":{"line":158,"column":31},"skip":true},"51":{"start":{"line":160,"column":8},"end":{"line":160,"column":33},"skip":true},"52":{"start":{"line":161,"column":8},"end":{"line":161,"column":37},"skip":true},"53":{"start":{"line":162,"column":8},"end":{"line":162,"column":35},"skip":true},"54":{"start":{"line":164,"column":8},"end":{"line":164,"column":50},"skip":true},"55":{"start":{"line":166,"column":8},"end":{"line":256,"column":2},"skip":true},"56":{"start":{"line":258,"column":8},"end":{"line":286,"column":9},"skip":true},"57":{"start":{"line":259,"column":12},"end":{"line":269,"column":14},"skip":true},"58":{"start":{"line":271,"column":12},"end":{"line":285,"column":19},"skip":true},"59":{"start":{"line":274,"column":20},"end":{"line":274,"column":35},"skip":true},"60":{"start":{"line":275,"column":20},"end":{"line":284,"column":21},"skip":true},"61":{"start":{"line":277,"column":24},"end":{"line":277,"column":64},"skip":true},"62":{"start":{"line":279,"column":24},"end":{"line":279,"column":40},"skip":true},"63":{"start":{"line":281,"column":24},"end":{"line":281,"column":40},"skip":true},"64":{"start":{"line":283,"column":24},"end":{"line":283,"column":39},"skip":true},"65":{"start":{"line":288,"column":8},"end":{"line":290,"column":9},"skip":true},"66":{"start":{"line":289,"column":12},"end":{"line":289,"column":18},"skip":true},"67":{"start":{"line":291,"column":8},"end":{"line":293,"column":54},"skip":true},"68":{"start":{"line":296,"column":8},"end":{"line":301,"column":37},"skip":true},"69":{"start":{"line":303,"column":8},"end":{"line":303,"column":82},"skip":true},"70":{"start":{"line":306,"column":8},"end":{"line":308,"column":9},"skip":true},"71":{"start":{"line":307,"column":12},"end":{"line":307,"column":82},"skip":true},"72":{"start":{"line":310,"column":8},"end":{"line":312,"column":9},"skip":true},"73":{"start":{"line":311,"column":12},"end":{"line":311,"column":18},"skip":true},"74":{"start":{"line":313,"column":8},"end":{"line":313,"column":54},"skip":true},"75":{"start":{"line":314,"column":8},"end":{"line":314,"column":69},"skip":true},"76":{"start":{"line":315,"column":8},"end":{"line":323,"column":36},"skip":true},"77":{"start":{"line":316,"column":12},"end":{"line":316,"column":61},"skip":true},"78":{"start":{"line":317,"column":12},"end":{"line":320,"column":13},"skip":true},"79":{"start":{"line":318,"column":16},"end":{"line":318,"column":75},"skip":true},"80":{"start":{"line":319,"column":16},"end":{"line":319,"column":23},"skip":true},"81":{"start":{"line":321,"column":12},"end":{"line":321,"column":38},"skip":true},"82":{"start":{"line":322,"column":12},"end":{"line":322,"column":27},"skip":true},"83":{"start":{"line":324,"column":8},"end":{"line":324,"column":14},"skip":true}},"branchMap":{"1":{"line":39,"type":"binary-expr","locations":[{"start":{"line":39,"column":23},"end":{"line":39,"column":62}},{"start":{"line":40,"column":20},"end":{"line":40,"column":70}},{"start":{"line":41,"column":20},"end":{"line":41,"column":71}},{"start":{"line":42,"column":20},"end":{"line":42,"column":29}}]},"2":{"line":44,"type":"binary-expr","locations":[{"start":{"line":44,"column":23},"end":{"line":44,"column":37}},{"start":{"line":45,"column":20},"end":{"line":45,"column":61}},{"start":{"line":46,"column":20},"end":{"line":46,"column":70}},{"start":{"line":47,"column":20},"end":{"line":47,"column":26}}]},"3":{"line":51,"type":"cond-expr","locations":[{"start":{"line":52,"column":14},"end":{"line":52,"column":20}},{"start":{"line":53,"column":14},"end":{"line":53,"column":20}}]},"4":{"line":55,"type":"binary-expr","locations":[{"start":{"line":55,"column":16},"end":{"line":55,"column":44}},{"start":{"line":55,"column":49},"end":{"line":57,"column":43}}]},"5":{"line":55,"type":"cond-expr","locations":[{"start":{"line":56,"column":14},"end":{"line":56,"column":54}},{"start":{"line":57,"column":14},"end":{"line":57,"column":43}}]},"6":{"line":61,"type":"switch","locations":[{"start":{"line":68,"column":4},"end":{"line":150,"column":14},"skip":true},{"start":{"line":156,"column":4},"end":{"line":324,"column":14},"skip":true}]},"7":{"line":70,"type":"if","locations":[{"start":{"line":70,"column":12},"end":{"line":70,"column":12},"skip":true},{"start":{"line":70,"column":12},"end":{"line":70,"column":12},"skip":true}]},"8":{"line":70,"type":"binary-expr","locations":[{"start":{"line":70,"column":16},"end":{"line":70,"column":22},"skip":true},{"start":{"line":70,"column":27},"end":{"line":70,"column":32},"skip":true},{"start":{"line":71,"column":20},"end":{"line":71,"column":39},"skip":true},{"start":{"line":72,"column":20},"end":{"line":72,"column":49},"skip":true},{"start":{"line":73,"column":20},"end":{"line":73,"column":58},"skip":true},{"start":{"line":74,"column":20},"end":{"line":74,"column":69},"skip":true}]},"9":{"line":79,"type":"switch","locations":[{"start":{"line":80,"column":20},"end":{"line":80,"column":33},"skip":true},{"start":{"line":81,"column":20},"end":{"line":83,"column":30},"skip":true},{"start":{"line":84,"column":20},"end":{"line":85,"column":49},"skip":true}]},"10":{"line":89,"type":"switch","locations":[{"start":{"line":90,"column":12},"end":{"line":103,"column":22},"skip":true},{"start":{"line":105,"column":12},"end":{"line":106,"column":22},"skip":true}]},"11":{"line":89,"type":"binary-expr","locations":[{"start":{"line":89,"column":20},"end":{"line":89,"column":25},"skip":true},{"start":{"line":89,"column":29},"end":{"line":89,"column":48},"skip":true},{"start":{"line":89,"column":52},"end":{"line":89,"column":74},"skip":true}]},"12":{"line":92,"type":"if","locations":[{"start":{"line":92,"column":16},"end":{"line":92,"column":16},"skip":true},{"start":{"line":92,"column":16},"end":{"line":92,"column":16},"skip":true}]},"13":{"line":108,"type":"if","locations":[{"start":{"line":108,"column":12},"end":{"line":108,"column":12},"skip":true},{"start":{"line":108,"column":12},"end":{"line":108,"column":12},"skip":true}]},"14":{"line":108,"type":"binary-expr","locations":[{"start":{"line":108,"column":16},"end":{"line":108,"column":61},"skip":true},{"start":{"line":108,"column":66},"end":{"line":108,"column":72},"skip":true},{"start":{"line":108,"column":77},"end":{"line":108,"column":82},"skip":true},{"start":{"line":109,"column":20},"end":{"line":109,"column":39},"skip":true},{"start":{"line":110,"column":20},"end":{"line":110,"column":49},"skip":true},{"start":{"line":111,"column":20},"end":{"line":111,"column":58},"skip":true},{"start":{"line":112,"column":20},"end":{"line":112,"column":68},"skip":true}]},"15":{"line":129,"type":"if","locations":[{"start":{"line":129,"column":16},"end":{"line":129,"column":16},"skip":true},{"start":{"line":129,"column":16},"end":{"line":129,"column":16},"skip":true}]},"16":{"line":134,"type":"cond-expr","locations":[{"start":{"line":135,"column":26},"end":{"line":135,"column":29},"skip":true},{"start":{"line":136,"column":26},"end":{"line":136,"column":54},"skip":true}]},"17":{"line":164,"type":"binary-expr","locations":[{"start":{"line":164,"column":27},"end":{"line":164,"column":43},"skip":true},{"start":{"line":164,"column":47},"end":{"line":164,"column":49},"skip":true}]},"18":{"line":258,"type":"if","locations":[{"start":{"line":258,"column":8},"end":{"line":258,"column":8},"skip":true},{"start":{"line":258,"column":8},"end":{"line":258,"column":8},"skip":true}]},"19":{"line":275,"type":"switch","locations":[{"start":{"line":276,"column":20},"end":{"line":277,"column":64},"skip":true},{"start":{"line":278,"column":20},"end":{"line":279,"column":40},"skip":true},{"start":{"line":280,"column":20},"end":{"line":281,"column":40},"skip":true},{"start":{"line":282,"column":20},"end":{"line":283,"column":39},"skip":true}]},"20":{"line":288,"type":"if","locations":[{"start":{"line":288,"column":8},"end":{"line":288,"column":8},"skip":true},{"start":{"line":288,"column":8},"end":{"line":288,"column":8},"skip":true}]},"21":{"line":288,"type":"binary-expr","locations":[{"start":{"line":288,"column":12},"end":{"line":288,"column":40},"skip":true},{"start":{"line":288,"column":44},"end":{"line":288,"column":67},"skip":true}]},"22":{"line":292,"type":"binary-expr","locations":[{"start":{"line":292,"column":12},"end":{"line":292,"column":50},"skip":true},{"start":{"line":293,"column":12},"end":{"line":293,"column":53},"skip":true}]},"23":{"line":297,"type":"binary-expr","locations":[{"start":{"line":297,"column":12},"end":{"line":297,"column":68},"skip":true},{"start":{"line":298,"column":12},"end":{"line":301,"column":36},"skip":true}]},"24":{"line":303,"type":"binary-expr","locations":[{"start":{"line":303,"column":43},"end":{"line":303,"column":75},"skip":true},{"start":{"line":303,"column":79},"end":{"line":303,"column":81},"skip":true}]},"25":{"line":306,"type":"if","locations":[{"start":{"line":306,"column":8},"end":{"line":306,"column":8},"skip":true},{"start":{"line":306,"column":8},"end":{"line":306,"column":8},"skip":true}]},"26":{"line":310,"type":"if","locations":[{"start":{"line":310,"column":8},"end":{"line":310,"column":8},"skip":true},{"start":{"line":310,"column":8},"end":{"line":310,"column":8},"skip":true}]},"27":{"line":313,"type":"binary-expr","locations":[{"start":{"line":313,"column":27},"end":{"line":313,"column":43},"skip":true},{"start":{"line":313,"column":47},"end":{"line":313,"column":53},"skip":true}]},"28":{"line":317,"type":"if","locations":[{"start":{"line":317,"column":12},"end":{"line":317,"column":12},"skip":true},{"start":{"line":317,"column":12},"end":{"line":317,"column":12},"skip":true}]}},"code":["/*","example.js","","quickstart example","","instruction","    1. save this script as example.js","    2. run the shell command:","        $ npm install npmtest-googleapis && PORT=8081 node example.js","    3. play with the browser-demo on http://127.0.0.1:8081","*/","","","","/* istanbul instrument in package npmtest_googleapis */","/*jslint","    bitwise: true,","    browser: true,","    maxerr: 8,","    maxlen: 96,","    node: true,","    nomen: true,","    regexp: true,","    stupid: true","*/","(function () {","    'use strict';","    var local;","","","","    // run shared js-env code - pre-init","    (function () {","        // init local","        local = {};","        // init modeJs","        local.modeJs = (function () {","            try {","                return typeof navigator.userAgent === 'string' &&","                    typeof document.querySelector('body') === 'object' &&","                    typeof XMLHttpRequest.prototype.open === 'function' &&","                    'browser';","            } catch (errorCaughtBrowser) {","                return module.exports &&","                    typeof process.versions.node === 'string' &&","                    typeof require('http').createServer === 'function' &&","                    'node';","            }","        }());","        // init global","        local.global = local.modeJs === 'browser'","            ? window","            : global;","        // init utility2_rollup","        local = local.global.utility2_rollup || (local.modeJs === 'browser'","            ? local.global.utility2_npmtest_googleapis","            : global.utility2_moduleExports);","        // export local","        local.global.local = local;","    }());","    switch (local.modeJs) {","","","","    // post-init","    // run browser js-env code - post-init","    /* istanbul ignore next */","    case 'browser':","        local.testRunBrowser = function (event) {","            if (!event || (event &&","                    event.currentTarget &&","                    event.currentTarget.className &&","                    event.currentTarget.className.includes &&","                    event.currentTarget.className.includes('onreset'))) {","                // reset output","                Array.from(","                    document.querySelectorAll('body > .resettable')","                ).forEach(function (element) {","                    switch (element.tagName) {","                    case 'INPUT':","                    case 'TEXTAREA':","                        element.value = '';","                        break;","                    default:","                        element.textContent = '';","                    }","                });","            }","            switch (event && event.currentTarget && event.currentTarget.id) {","            case 'testRunButton1':","                // show tests","                if (document.querySelector('#testReportDiv1').style.display === 'none') {","                    document.querySelector('#testReportDiv1').style.display = 'block';","                    document.querySelector('#testRunButton1').textContent =","                        'hide internal test';","                    local.modeTest = true;","                    local.testRunDefault(local);","                // hide tests","                } else {","                    document.querySelector('#testReportDiv1').style.display = 'none';","                    document.querySelector('#testRunButton1').textContent = 'run internal test';","                }","                break;","            // custom-case","            default:","                break;","            }","            if (document.querySelector('#inputTextareaEval1') && (!event || (event &&","                    event.currentTarget &&","                    event.currentTarget.className &&","                    event.currentTarget.className.includes &&","                    event.currentTarget.className.includes('oneval')))) {","                // try to eval input-code","                try {","                    /*jslint evil: true*/","                    eval(document.querySelector('#inputTextareaEval1').value);","                } catch (errorCaught) {","                    console.error(errorCaught);","                }","            }","        };","        // log stderr and stdout to #outputTextareaStdout1","        ['error', 'log'].forEach(function (key) {","            console[key + '_original'] = console[key];","            console[key] = function () {","                var element;","                console[key + '_original'].apply(console, arguments);","                element = document.querySelector('#outputTextareaStdout1');","                if (!element) {","                    return;","                }","                // append text to #outputTextareaStdout1","                element.value += Array.from(arguments).map(function (arg) {","                    return typeof arg === 'string'","                        ? arg","                        : JSON.stringify(arg, null, 4);","                }).join(' ') + '\\n';","                // scroll textarea to bottom","                element.scrollTop = element.scrollHeight;","            };","        });","        // init event-handling","        ['change', 'click', 'keyup'].forEach(function (event) {","            Array.from(document.querySelectorAll('.on' + event)).forEach(function (element) {","                element.addEventListener(event, local.testRunBrowser);","            });","        });","        // run tests","        local.testRunBrowser();","        break;","","","","    // run node js-env code - post-init","    /* istanbul ignore next */","    case 'node':","        // export local","        module.exports = local;","        // require modules","        local.fs = require('fs');","        local.http = require('http');","        local.url = require('url');","        // init assets","        local.assetsDict = local.assetsDict || {};","        /* jslint-ignore-begin */","        local.assetsDict['/assets.index.template.html'] = '\\","<!doctype html>\\n\\","<html lang=\"en\">\\n\\","<head>\\n\\","<meta charset=\"UTF-8\">\\n\\","<meta name=\"viewport\" content=\"width=device-width, initial-scale=1\">\\n\\","<title>{{env.npm_package_name}} (v{{env.npm_package_version}})</title>\\n\\","<style>\\n\\","/*csslint\\n\\","    box-sizing: false,\\n\\","    universal-selector: false\\n\\","*/\\n\\","* {\\n\\","    box-sizing: border-box;\\n\\","}\\n\\","body {\\n\\","    background: #dde;\\n\\","    font-family: Arial, Helvetica, sans-serif;\\n\\","    margin: 2rem;\\n\\","}\\n\\","body > * {\\n\\","    margin-bottom: 1rem;\\n\\","}\\n\\",".utility2FooterDiv {\\n\\","    margin-top: 20px;\\n\\","    text-align: center;\\n\\","}\\n\\","</style>\\n\\","<style>\\n\\","/*csslint\\n\\","*/\\n\\","textarea {\\n\\","    font-family: monospace;\\n\\","    height: 10rem;\\n\\","    width: 100%;\\n\\","}\\n\\","textarea[readonly] {\\n\\","    background: #ddd;\\n\\","}\\n\\","</style>\\n\\","</head>\\n\\","<body>\\n\\","<!-- utility2-comment\\n\\","<div id=\"ajaxProgressDiv1\" style=\"background: #d00; height: 2px; left: 0; margin: 0; padding: 0; position: fixed; top: 0; transition: background 0.5s, width 1.5s; width: 25%;\"></div>\\n\\","utility2-comment -->\\n\\","<h1>\\n\\","<!-- utility2-comment\\n\\","    <a\\n\\","        {{#if env.npm_package_homepage}}\\n\\","        href=\"{{env.npm_package_homepage}}\"\\n\\","        {{/if env.npm_package_homepage}}\\n\\","        target=\"_blank\"\\n\\","    >\\n\\","utility2-comment -->\\n\\","        {{env.npm_package_name}} (v{{env.npm_package_version}})\\n\\","<!-- utility2-comment\\n\\","    </a>\\n\\","utility2-comment -->\\n\\","</h1>\\n\\","<h3>{{env.npm_package_description}}</h3>\\n\\","<!-- utility2-comment\\n\\","<h4><a download href=\"assets.app.js\">download standalone app</a></h4>\\n\\","<button class=\"onclick onreset\" id=\"testRunButton1\">run internal test</button><br>\\n\\","<div id=\"testReportDiv1\" style=\"display: none;\"></div>\\n\\","utility2-comment -->\\n\\","\\n\\","\\n\\","\\n\\","<label>stderr and stdout</label>\\n\\","<textarea class=\"resettable\" id=\"outputTextareaStdout1\" readonly></textarea>\\n\\","<!-- utility2-comment\\n\\","{{#if isRollup}}\\n\\","<script src=\"assets.app.js\"></script>\\n\\","{{#unless isRollup}}\\n\\","utility2-comment -->\\n\\","<script src=\"assets.utility2.rollup.js\"></script>\\n\\","<script src=\"jsonp.utility2._stateInit?callback=window.utility2._stateInit\"></script>\\n\\","<script src=\"assets.npmtest_googleapis.rollup.js\"></script>\\n\\","<script src=\"assets.example.js\"></script>\\n\\","<script src=\"assets.test.js\"></script>\\n\\","<!-- utility2-comment\\n\\","{{/if isRollup}}\\n\\","utility2-comment -->\\n\\","<div class=\"utility2FooterDiv\">\\n\\","    [ this app was created with\\n\\","    <a href=\"https://github.com/kaizhu256/node-utility2\" target=\"_blank\">utility2</a>\\n\\","    ]\\n\\","</div>\\n\\","</body>\\n\\","</html>\\n\\","';","        /* jslint-ignore-end */","        if (local.templateRender) {","            local.assetsDict['/'] = local.templateRender(","                local.assetsDict['/assets.index.template.html'],","                {","                    env: local.objectSetDefault(local.env, {","                        npm_package_description: 'the greatest app in the world!',","                        npm_package_name: 'my-app',","                        npm_package_nameAlias: 'my_app',","                        npm_package_version: '0.0.1'","                    })","                }","            );","        } else {","            local.assetsDict['/'] = local.assetsDict['/assets.index.template.html']","                .replace((/\\{\\{env\\.(\\w+?)\\}\\}/g), function (match0, match1) {","                    // jslint-hack","                    String(match0);","                    switch (match1) {","                    case 'npm_package_description':","                        return 'the greatest app in the world!';","                    case 'npm_package_name':","                        return 'my-app';","                    case 'npm_package_nameAlias':","                        return 'my_app';","                    case 'npm_package_version':","                        return '0.0.1';","                    }","                });","        }","        // run the cli","        if (local.global.utility2_rollup || module !== require.main) {","            break;","        }","        local.assetsDict['/assets.example.js'] =","            local.assetsDict['/assets.example.js'] ||","            local.fs.readFileSync(__filename, 'utf8');","        // bug-workaround - long $npm_package_buildCustomOrg","        /* jslint-ignore-begin */","        local.assetsDict['/assets.npmtest_googleapis.rollup.js'] =","            local.assetsDict['/assets.npmtest_googleapis.rollup.js'] ||","            local.fs.readFileSync(","                local.npmtest_googleapis.__dirname + '/lib.npmtest_googleapis.js',","                'utf8'","            ).replace((/^#!/), '//');","        /* jslint-ignore-end */","        local.assetsDict['/favicon.ico'] = local.assetsDict['/favicon.ico'] || '';","        // if $npm_config_timeout_exit exists,","        // then exit this process after $npm_config_timeout_exit ms","        if (Number(process.env.npm_config_timeout_exit)) {","            setTimeout(process.exit, Number(process.env.npm_config_timeout_exit));","        }","        // start server","        if (local.global.utility2_serverHttp1) {","            break;","        }","        process.env.PORT = process.env.PORT || '8081';","        console.error('server starting on port ' + process.env.PORT);","        local.http.createServer(function (request, response) {","            request.urlParsed = local.url.parse(request.url);","            if (local.assetsDict[request.urlParsed.pathname] !== undefined) {","                response.end(local.assetsDict[request.urlParsed.pathname]);","                return;","            }","            response.statusCode = 404;","            response.end();","        }).listen(process.env.PORT);","        break;","    }","}());",""],"l":{"26":2,"28":2,"33":2,"35":2,"37":2,"38":2,"39":2,"44":1,"51":2,"55":2,"59":2,"61":2,"69":1,"70":2,"76":2,"79":2,"82":2,"83":2,"85":1,"89":2,"92":1,"93":1,"94":1,"96":1,"97":1,"100":1,"101":1,"103":1,"106":1,"108":2,"114":1,"116":1,"118":1,"123":1,"124":2,"125":2,"126":3,"127":3,"128":3,"129":3,"130":1,"133":3,"134":3,"139":3,"143":1,"144":3,"145":1,"149":1,"150":1,"158":1,"160":1,"161":1,"162":1,"164":1,"166":1,"258":1,"259":1,"271":1,"274":6,"275":6,"277":1,"279":2,"281":1,"283":2,"288":1,"289":1,"291":1,"296":1,"303":1,"306":1,"307":1,"310":1,"311":1,"313":1,"314":1,"315":1,"316":1,"317":1,"318":1,"319":1,"321":1,"322":1,"324":1}},"/home/travis/build/npmtest/node-npmtest-googleapis/node_modules/googleapis/lib/googleapis.js":{"path":"/home/travis/build/npmtest/node-npmtest-googleapis/node_modules/googleapis/lib/googleapis.js","s":{"1":1,"2":1,"3":1,"4":1,"5":1,"6":1,"7":1,"8":113,"9":0,"10":0,"11":0,"12":0,"13":0,"14":0,"15":0,"16":0,"17":0,"18":0,"19":0,"20":0,"21":0,"22":0,"23":0,"24":0,"25":1,"26":113,"27":1,"28":1,"29":1,"30":1,"31":1,"32":1,"33":1,"34":1,"35":1,"36":1,"37":113,"38":1,"39":0,"40":0,"41":0,"42":0,"43":0,"44":0,"45":1,"46":0,"47":0,"48":0,"49":0,"50":0,"51":0,"52":0,"53":0,"54":0,"55":0,"56":0,"57":0,"58":1},"b":{"1":[0,0],"2":[0,0],"3":[1,1],"4":[0,0],"5":[0,0],"6":[0,0],"7":[0,0]},"f":{"1":113,"2":0,"3":113,"4":1,"5":1,"6":1,"7":0,"8":0,"9":0,"10":0},"fnMap":{"1":{"name":"requireAPI","line":35,"loc":{"start":{"line":35,"column":0},"end":{"line":35,"column":31}}},"2":{"name":"(anonymous_2)","line":36,"loc":{"start":{"line":36,"column":9},"end":{"line":36,"column":28}}},"3":{"name":"(anonymous_3)","line":62,"loc":{"start":{"line":62,"column":56},"end":{"line":62,"column":72}}},"4":{"name":"GoogleApis","line":81,"loc":{"start":{"line":81,"column":0},"end":{"line":81,"column":30}}},"5":{"name":"(anonymous_5)","line":108,"loc":{"start":{"line":108,"column":31},"end":{"line":108,"column":50}}},"6":{"name":"(anonymous_6)","line":121,"loc":{"start":{"line":121,"column":31},"end":{"line":121,"column":47}}},"7":{"name":"(anonymous_7)","line":144,"loc":{"start":{"line":144,"column":32},"end":{"line":144,"column":57}}},"8":{"name":"(anonymous_8)","line":147,"loc":{"start":{"line":147,"column":33},"end":{"line":147,"column":54}}},"9":{"name":"(anonymous_9)","line":173,"loc":{"start":{"line":173,"column":35},"end":{"line":173,"column":70}}},"10":{"name":"(anonymous_10)","line":182,"loc":{"start":{"line":182,"column":30},"end":{"line":182,"column":55}}}},"statementMap":{"1":{"start":{"line":16,"column":0},"end":{"line":16,"column":27}},"2":{"start":{"line":17,"column":0},"end":{"line":17,"column":23}},"3":{"start":{"line":18,"column":0},"end":{"line":18,"column":27}},"4":{"start":{"line":19,"column":0},"end":{"line":19,"column":39}},"5":{"start":{"line":20,"column":0},"end":{"line":20,"column":71}},"6":{"start":{"line":27,"column":0},"end":{"line":27,"column":14}},"7":{"start":{"line":35,"column":0},"end":{"line":59,"column":1}},"8":{"start":{"line":36,"column":2},"end":{"line":58,"column":4}},"9":{"start":{"line":37,"column":4},"end":{"line":37,"column":30}},"10":{"start":{"line":38,"column":4},"end":{"line":38,"column":16}},"11":{"start":{"line":39,"column":4},"end":{"line":47,"column":5}},"12":{"start":{"line":40,"column":6},"end":{"line":40,"column":24}},"13":{"start":{"line":41,"column":6},"end":{"line":41,"column":19}},"14":{"start":{"line":42,"column":11},"end":{"line":47,"column":5}},"15":{"start":{"line":43,"column":6},"end":{"line":43,"column":32}},"16":{"start":{"line":44,"column":6},"end":{"line":44,"column":29}},"17":{"start":{"line":46,"column":6},"end":{"line":46,"column":71}},"18":{"start":{"line":48,"column":4},"end":{"line":57,"column":5}},"19":{"start":{"line":49,"column":6},"end":{"line":49,"column":80}},"20":{"start":{"line":50,"column":6},"end":{"line":50,"column":43}},"21":{"start":{"line":51,"column":6},"end":{"line":51,"column":37}},"22":{"start":{"line":52,"column":6},"end":{"line":52,"column":23}},"23":{"start":{"line":53,"column":6},"end":{"line":53,"column":31}},"24":{"start":{"line":55,"column":6},"end":{"line":56,"column":39}},"25":{"start":{"line":62,"column":0},"end":{"line":64,"column":3}},"26":{"start":{"line":63,"column":2},"end":{"line":63,"column":45}},"27":{"start":{"line":69,"column":0},"end":{"line":69,"column":48}},"28":{"start":{"line":81,"column":0},"end":{"line":101,"column":1}},"29":{"start":{"line":82,"column":2},"end":{"line":82,"column":24}},"30":{"start":{"line":83,"column":2},"end":{"line":83,"column":21}},"31":{"start":{"line":91,"column":2},"end":{"line":91,"column":31}},"32":{"start":{"line":100,"column":2},"end":{"line":100,"column":31}},"33":{"start":{"line":108,"column":0},"end":{"line":110,"column":2}},"34":{"start":{"line":109,"column":2},"end":{"line":109,"column":32}},"35":{"start":{"line":121,"column":0},"end":{"line":125,"column":2}},"36":{"start":{"line":122,"column":2},"end":{"line":124,"column":3}},"37":{"start":{"line":123,"column":4},"end":{"line":123,"column":45}},"38":{"start":{"line":144,"column":0},"end":{"line":154,"column":2}},"39":{"start":{"line":145,"column":2},"end":{"line":145,"column":18}},"40":{"start":{"line":147,"column":2},"end":{"line":153,"column":5}},"41":{"start":{"line":148,"column":4},"end":{"line":150,"column":5}},"42":{"start":{"line":149,"column":6},"end":{"line":149,"column":27}},"43":{"start":{"line":151,"column":4},"end":{"line":151,"column":23}},"44":{"start":{"line":152,"column":4},"end":{"line":152,"column":15}},"45":{"start":{"line":173,"column":0},"end":{"line":190,"column":2}},"46":{"start":{"line":174,"column":2},"end":{"line":174,"column":18}},"47":{"start":{"line":175,"column":2},"end":{"line":178,"column":3}},"48":{"start":{"line":176,"column":4},"end":{"line":176,"column":23}},"49":{"start":{"line":177,"column":4},"end":{"line":177,"column":17}},"50":{"start":{"line":179,"column":2},"end":{"line":181,"column":3}},"51":{"start":{"line":180,"column":4},"end":{"line":180,"column":17}},"52":{"start":{"line":182,"column":2},"end":{"line":189,"column":5}},"53":{"start":{"line":183,"column":4},"end":{"line":185,"column":5}},"54":{"start":{"line":184,"column":6},"end":{"line":184,"column":27}},"55":{"start":{"line":186,"column":4},"end":{"line":186,"column":35}},"56":{"start":{"line":187,"column":4},"end":{"line":187,"column":21}},"57":{"start":{"line":188,"column":4},"end":{"line":188,"column":45}},"58":{"start":{"line":215,"column":0},"end":{"line":215,"column":34}}},"branchMap":{"1":{"line":39,"type":"if","locations":[{"start":{"line":39,"column":4},"end":{"line":39,"column":4}},{"start":{"line":39,"column":4},"end":{"line":39,"column":4}}]},"2":{"line":42,"type":"if","locations":[{"start":{"line":42,"column":11},"end":{"line":42,"column":11}},{"start":{"line":42,"column":11},"end":{"line":42,"column":11}}]},"3":{"line":109,"type":"binary-expr","locations":[{"start":{"line":109,"column":18},"end":{"line":109,"column":25}},{"start":{"line":109,"column":29},"end":{"line":109,"column":31}}]},"4":{"line":148,"type":"if","locations":[{"start":{"line":148,"column":4},"end":{"line":148,"column":4}},{"start":{"line":148,"column":4},"end":{"line":148,"column":4}}]},"5":{"line":175,"type":"if","locations":[{"start":{"line":175,"column":2},"end":{"line":175,"column":2}},{"start":{"line":175,"column":2},"end":{"line":175,"column":2}}]},"6":{"line":179,"type":"if","locations":[{"start":{"line":179,"column":2},"end":{"line":179,"column":2}},{"start":{"line":179,"column":2},"end":{"line":179,"column":2}}]},"7":{"line":183,"type":"if","locations":[{"start":{"line":183,"column":4},"end":{"line":183,"column":4}},{"start":{"line":183,"column":4},"end":{"line":183,"column":4}}]}},"code":["// Copyright 2012-2016, Google, Inc.","// Licensed under the Apache License, Version 2.0 (the \"License\");","// you may not use this file except in compliance with the License.","// You may obtain a copy of the License at","//","//    http://www.apache.org/licenses/LICENSE-2.0","//","// Unless required by applicable law or agreed to in writing, software","// distributed under the License is distributed on an \"AS IS\" BASIS,","// WITHOUT WARRANTIES OR CONDITIONS OF ANY KIND, either express or implied.","// See the License for the specific language governing permissions and","// limitations under the License.","","'use strict';","","var path = require('path');","var fs = require('fs');","var util = require('util');","var Discovery = require('./discovery');","var discovery = new Discovery({ debug: false, includePrivate: false });","","/**"," * Load the apis from apis index file"," * This file holds all version information"," * @private"," */","var apis = {};","","/**"," * Return a Function that requires an API from the disk"," * @param  {String} filename Filename of API"," * @return {function}        function used to require the API from disk"," * @private"," */","function requireAPI (filename) {","  return function (options) {","    var type = typeof options;","    var version;","    if (type === 'string') {","      version = options;","      options = {};","    } else if (type === 'object') {","      version = options.version;","      delete options.version;","    } else {","      throw new Error('Argument error: Accepts only string or object');","    }","    try {","      var endpointPath = path.join(__dirname, filename, path.basename(version));","      var Endpoint = require(endpointPath);","      var ep = new Endpoint(options);","      ep.google = this; // for drive.google.transporter","      return Object.freeze(ep); // create new & freeze","    } catch (e) {","      throw new Error(util.format('Unable to load endpoint %s(\"%s\"): %s',","        filename, version, e.message));","    }","  };","}","","// Dynamically discover available APIs","fs.readdirSync(path.join(__dirname, '../apis')).forEach(function (file) {","  apis[file] = requireAPI('../apis/' + file);","});","","/**"," * @class GoogleAuth"," */","var GoogleAuth = require('google-auth-library');","","/**"," * GoogleApis constructor."," *"," * @example"," * var GoogleApis = require('googleapis').GoogleApis;"," * var google = new GoogleApis();"," *"," * @class GoogleApis"," * @param {Object} [options] Configuration options."," */","function GoogleApis (options) {","  this.options(options);","  this.addAPIs(apis);","","  /**","   * A reference to an instance of GoogleAuth.","   *","   * @name GoogleApis#auth","   * @type {GoogleAuth}","   */","  this.auth = new GoogleAuth();","","  /**","   * A reference to the {@link GoogleApis} constructor function.","   *","   * @name GoogleApis#GoogleApis","   * @see GoogleApis","   * @type {Function}","   */","  this.GoogleApis = GoogleApis;","}","","/**"," * Set options."," *"," * @param  {Object} [options] Configuration options."," */","GoogleApis.prototype.options = function (options) {","  this._options = options || {};","};","","/**"," * Add APIs endpoints to googleapis object"," * E.g. googleapis.drive and googleapis.datastore"," *"," * @name GoogleApis#addAPIs"," * @method"," * @param {Object} apis Apis to be added to this GoogleApis instance."," * @private"," */","GoogleApis.prototype.addAPIs = function (apis) {","  for (var apiName in apis) {","    this[apiName] = apis[apiName].bind(this);","  }","};","","/**"," * Dynamically generate an apis object that can provide Endpoint objects for the"," * discovered APIs."," *"," * @example"," * var google = require('googleapis');"," * var discoveryUrl = 'https://myapp.appspot.com/_ah/api/discovery/v1/apis/';"," * google.discover(discoveryUrl, function (err) {"," *   var someapi = google.someapi('v1');"," * });"," *"," * @name GoogleApis#discover"," * @method"," * @param {string} url Url to the discovery service for a set of APIs. e.g.,"," * https://www.googleapis.com/discovery/v1/apis"," * @param {Function} callback Callback function."," */","GoogleApis.prototype.discover = function (url, callback) {","  var self = this;","","  discovery.discoverAllAPIs(url, function (err, apis) {","    if (err) {","      return callback(err);","    }","    self.addAPIs(apis);","    callback();","  });","};","","/**"," * Dynamically generate an Endpoint object from a discovery doc."," *"," * @example"," * var google = require('google');"," * var discoveryDocUrl = 'https://myapp.appspot.com/_ah/api/discovery/v1/apis/someapi/v1/rest';"," * google.discoverApi(discoveryDocUrl, function (err, someapi) {"," *   // use someapi"," * });"," *"," * @name GoogleApis#discoverAPI"," * @method"," * @param {string} path Url or file path to discover doc for a single API."," * @param {object} [options] Options to configure the Endpoint object generated"," * from the discovery doc."," * @param {Function} callback Callback function."," */","GoogleApis.prototype.discoverAPI = function (path, options, callback) {","  var self = this;","  if (typeof options === 'function') {","    callback = options;","    options = {};","  }","  if (!options) {","    options = {};","  }","  discovery.discoverAPI(path, function (err, Endpoint) {","    if (err) {","      return callback(err);","    }","    var ep = new Endpoint(options);","    ep.google = self; // for drive.google.transporter","    return callback(null, Object.freeze(ep)); // create new & freeze","  });","};","","/**"," * {@link GoogleApis} class."," *"," * @name module:googleapis.GoogleApis"," * @see GoogleApis"," * @type {Function}"," */","","/**"," * {@link GoogleAuth} class."," *"," * @name module:googleapis.auth"," * @see GoogleAuth"," * @type {Function}"," */","","/**"," * @example"," * var google = require('googleapis');"," *"," * @module googleapis"," * @type {GoogleApis}"," */","module.exports = new GoogleApis();",""],"l":{"16":1,"17":1,"18":1,"19":1,"20":1,"27":1,"35":1,"36":113,"37":0,"38":0,"39":0,"40":0,"41":0,"42":0,"43":0,"44":0,"46":0,"48":0,"49":0,"50":0,"51":0,"52":0,"53":0,"55":0,"62":1,"63":113,"69":1,"81":1,"82":1,"83":1,"91":1,"100":1,"108":1,"109":1,"121":1,"122":1,"123":113,"144":1,"145":0,"147":0,"148":0,"149":0,"151":0,"152":0,"173":1,"174":0,"175":0,"176":0,"177":0,"179":0,"180":0,"182":0,"183":0,"184":0,"186":0,"187":0,"188":0,"215":1}},"/home/travis/build/npmtest/node-npmtest-googleapis/node_modules/googleapis/lib/discovery.js":{"path":"/home/travis/build/npmtest/node-npmtest-googleapis/node_modules/googleapis/lib/discovery.js","s":{"1":1,"2":1,"3":1,"4":1,"5":1,"6":1,"7":1,"8":1,"9":1,"10":1,"11":1,"12":0,"13":0,"14":0,"15":0,"16":0,"17":0,"18":0,"19":1,"20":0,"21":0,"22":0,"23":0,"24":0,"25":0,"26":0,"27":1,"28":0,"29":0,"30":0,"31":0,"32":1,"33":0,"34":0,"35":0,"36":0,"37":0,"38":0,"39":0,"40":1,"41":0,"42":0,"43":0,"44":0,"45":0,"46":1,"47":1,"48":1,"49":0,"50":0,"51":1,"52":0,"53":0,"54":0,"55":0,"56":0,"57":0,"58":0,"59":0,"60":0,"61":0,"62":0,"63":0,"64":0,"65":0,"66":0,"67":0,"68":0,"69":0,"70":0,"71":0,"72":0,"73":0,"74":0,"75":0,"76":0,"77":0,"78":0,"79":0,"80":0,"81":0,"82":0,"83":0,"84":0,"85":0,"86":0,"87":0,"88":0,"89":1,"90":1,"91":0,"92":0,"93":0,"94":0,"95":0,"96":0,"97":0,"98":0,"99":0,"100":0,"101":0,"102":0,"103":0,"104":0,"105":0,"106":0,"107":0,"108":0,"109":0,"110":1},"b":{"1":[0,0],"2":[0,0],"3":[0,0],"4":[0,0],"5":[0,0,0,0],"6":[0,0],"7":[0,0],"8":[0,0],"9":[0,0],"10":[1,0],"11":[0,0],"12":[0,0],"13":[0,0],"14":[0,0],"15":[0,0],"16":[0,0],"17":[0,0],"18":[0,0],"19":[0,0],"20":[0,0],"21":[0,0],"22":[0,0],"23":[0,0]},"f":{"1":0,"2":0,"3":0,"4":0,"5":0,"6":0,"7":0,"8":0,"9":1,"10":0,"11":0,"12":0,"13":0,"14":0,"15":0,"16":0,"17":0,"18":0,"19":0,"20":0,"21":0},"fnMap":{"1":{"name":"getPathParams","line":28,"loc":{"start":{"line":28,"column":0},"end":{"line":28,"column":32}}},"2":{"name":"(anonymous_2)","line":33,"loc":{"start":{"line":33,"column":30},"end":{"line":33,"column":45}}},"3":{"name":"makeMethod","line":50,"loc":{"start":{"line":50,"column":0},"end":{"line":50,"column":46}}},"4":{"name":"(anonymous_4)","line":51,"loc":{"start":{"line":51,"column":9},"end":{"line":51,"column":37}}},"5":{"name":"applyMethodsFromSchema","line":89,"loc":{"start":{"line":89,"column":0},"end":{"line":89,"column":70}}},"6":{"name":"applySchema","line":109,"loc":{"start":{"line":109,"column":0},"end":{"line":109,"column":59}}},"7":{"name":"makeEndpoint","line":130,"loc":{"start":{"line":130,"column":0},"end":{"line":130,"column":31}}},"8":{"name":"(anonymous_8)","line":131,"loc":{"start":{"line":131,"column":17},"end":{"line":131,"column":36}}},"9":{"name":"Discovery","line":147,"loc":{"start":{"line":147,"column":0},"end":{"line":147,"column":29}}},"10":{"name":"(anonymous_10)","line":155,"loc":{"start":{"line":155,"column":26},"end":{"line":155,"column":38}}},"11":{"name":"(anonymous_11)","line":167,"loc":{"start":{"line":167,"column":38},"end":{"line":167,"column":72}}},"12":{"name":"(anonymous_12)","line":173,"loc":{"start":{"line":173,"column":5},"end":{"line":173,"column":26}}},"13":{"name":"(anonymous_13)","line":178,"loc":{"start":{"line":178,"column":34},"end":{"line":178,"column":49}}},"14":{"name":"(anonymous_14)","line":179,"loc":{"start":{"line":179,"column":13},"end":{"line":179,"column":27}}},"15":{"name":"(anonymous_15)","line":180,"loc":{"start":{"line":180,"column":47},"end":{"line":180,"column":68}}},"16":{"name":"(anonymous_16)","line":188,"loc":{"start":{"line":188,"column":8},"end":{"line":188,"column":29}}},"17":{"name":"(anonymous_17)","line":196,"loc":{"start":{"line":196,"column":19},"end":{"line":196,"column":34}}},"18":{"name":"(anonymous_18)","line":199,"loc":{"start":{"line":199,"column":32},"end":{"line":199,"column":51}}},"19":{"name":"(anonymous_19)","line":237,"loc":{"start":{"line":237,"column":34},"end":{"line":237,"column":71}}},"20":{"name":"_generate","line":238,"loc":{"start":{"line":238,"column":2},"end":{"line":238,"column":33}}},"21":{"name":"(anonymous_21)","line":253,"loc":{"start":{"line":253,"column":11},"end":{"line":253,"column":32}}}},"statementMap":{"1":{"start":{"line":16,"column":0},"end":{"line":16,"column":50}},"2":{"start":{"line":17,"column":0},"end":{"line":17,"column":59}},"3":{"start":{"line":18,"column":0},"end":{"line":18,"column":39}},"4":{"start":{"line":19,"column":0},"end":{"line":19,"column":45}},"5":{"start":{"line":20,"column":0},"end":{"line":20,"column":29}},"6":{"start":{"line":21,"column":0},"end":{"line":21,"column":23}},"7":{"start":{"line":22,"column":0},"end":{"line":22,"column":25}},"8":{"start":{"line":23,"column":0},"end":{"line":23,"column":27}},"9":{"start":{"line":24,"column":0},"end":{"line":24,"column":47}},"10":{"start":{"line":26,"column":0},"end":{"line":26,"column":43}},"11":{"start":{"line":28,"column":0},"end":{"line":39,"column":1}},"12":{"start":{"line":29,"column":2},"end":{"line":29,"column":22}},"13":{"start":{"line":30,"column":2},"end":{"line":32,"column":3}},"14":{"start":{"line":31,"column":4},"end":{"line":31,"column":16}},"15":{"start":{"line":33,"column":2},"end":{"line":37,"column":5}},"16":{"start":{"line":34,"column":4},"end":{"line":36,"column":5}},"17":{"start":{"line":35,"column":6},"end":{"line":35,"column":27}},"18":{"start":{"line":38,"column":2},"end":{"line":38,"column":20}},"19":{"start":{"line":50,"column":0},"end":{"line":77,"column":1}},"20":{"start":{"line":51,"column":2},"end":{"line":76,"column":4}},"21":{"start":{"line":52,"column":4},"end":{"line":52,"column":74}},"22":{"start":{"line":54,"column":4},"end":{"line":63,"column":6}},"23":{"start":{"line":65,"column":4},"end":{"line":73,"column":5}},"24":{"start":{"line":68,"column":6},"end":{"line":71,"column":8}},"25":{"start":{"line":72,"column":6},"end":{"line":72,"column":71}},"26":{"start":{"line":75,"column":4},"end":{"line":75,"column":50}},"27":{"start":{"line":89,"column":0},"end":{"line":96,"column":1}},"28":{"start":{"line":90,"column":2},"end":{"line":95,"column":3}},"29":{"start":{"line":91,"column":4},"end":{"line":94,"column":5}},"30":{"start":{"line":92,"column":6},"end":{"line":92,"column":40}},"31":{"start":{"line":93,"column":6},"end":{"line":93,"column":61}},"32":{"start":{"line":109,"column":0},"end":{"line":121,"column":1}},"33":{"start":{"line":110,"column":2},"end":{"line":110,"column":62}},"34":{"start":{"line":112,"column":2},"end":{"line":120,"column":3}},"35":{"start":{"line":113,"column":4},"end":{"line":119,"column":5}},"36":{"start":{"line":114,"column":6},"end":{"line":114,"column":52}},"37":{"start":{"line":115,"column":6},"end":{"line":117,"column":7}},"38":{"start":{"line":116,"column":8},"end":{"line":116,"column":34}},"39":{"start":{"line":118,"column":6},"end":{"line":118,"column":71}},"40":{"start":{"line":130,"column":0},"end":{"line":138,"column":1}},"41":{"start":{"line":131,"column":2},"end":{"line":136,"column":4}},"42":{"start":{"line":132,"column":4},"end":{"line":132,"column":20}},"43":{"start":{"line":133,"column":4},"end":{"line":133,"column":34}},"44":{"start":{"line":135,"column":4},"end":{"line":135,"column":44}},"45":{"start":{"line":137,"column":2},"end":{"line":137,"column":18}},"46":{"start":{"line":147,"column":0},"end":{"line":149,"column":1}},"47":{"start":{"line":148,"column":2},"end":{"line":148,"column":31}},"48":{"start":{"line":155,"column":0},"end":{"line":159,"column":2}},"49":{"start":{"line":156,"column":2},"end":{"line":158,"column":3}},"50":{"start":{"line":157,"column":4},"end":{"line":157,"column":39}},"51":{"start":{"line":167,"column":0},"end":{"line":228,"column":2}},"52":{"start":{"line":168,"column":2},"end":{"line":168,"column":18}},"53":{"start":{"line":169,"column":2},"end":{"line":169,"column":78}},"54":{"start":{"line":170,"column":2},"end":{"line":227,"column":5}},"55":{"start":{"line":174,"column":4},"end":{"line":176,"column":5}},"56":{"start":{"line":175,"column":6},"end":{"line":175,"column":40}},"57":{"start":{"line":178,"column":4},"end":{"line":226,"column":7}},"58":{"start":{"line":179,"column":6},"end":{"line":187,"column":8}},"59":{"start":{"line":180,"column":8},"end":{"line":186,"column":11}},"60":{"start":{"line":181,"column":10},"end":{"line":183,"column":11}},"61":{"start":{"line":182,"column":12},"end":{"line":182,"column":27}},"62":{"start":{"line":184,"column":10},"end":{"line":184,"column":25}},"63":{"start":{"line":185,"column":10},"end":{"line":185,"column":24}},"64":{"start":{"line":189,"column":6},"end":{"line":191,"column":7}},"65":{"start":{"line":190,"column":8},"end":{"line":190,"column":29}},"66":{"start":{"line":193,"column":6},"end":{"line":193,"column":28}},"67":{"start":{"line":194,"column":6},"end":{"line":194,"column":25}},"68":{"start":{"line":196,"column":6},"end":{"line":223,"column":9}},"69":{"start":{"line":197,"column":8},"end":{"line":221,"column":9}},"70":{"start":{"line":198,"column":10},"end":{"line":198,"column":38}},"71":{"start":{"line":199,"column":10},"end":{"line":220,"column":12}},"72":{"start":{"line":200,"column":12},"end":{"line":200,"column":38}},"73":{"start":{"line":201,"column":12},"end":{"line":201,"column":24}},"74":{"start":{"line":202,"column":12},"end":{"line":210,"column":13}},"75":{"start":{"line":203,"column":14},"end":{"line":203,"column":32}},"76":{"start":{"line":204,"column":14},"end":{"line":204,"column":27}},"77":{"start":{"line":205,"column":19},"end":{"line":210,"column":13}},"78":{"start":{"line":206,"column":14},"end":{"line":206,"column":40}},"79":{"start":{"line":207,"column":14},"end":{"line":207,"column":37}},"80":{"start":{"line":209,"column":14},"end":{"line":209,"column":79}},"81":{"start":{"line":211,"column":12},"end":{"line":219,"column":13}},"82":{"start":{"line":212,"column":14},"end":{"line":212,"column":61}},"83":{"start":{"line":213,"column":14},"end":{"line":213,"column":45}},"84":{"start":{"line":214,"column":14},"end":{"line":214,"column":31}},"85":{"start":{"line":215,"column":14},"end":{"line":215,"column":39}},"86":{"start":{"line":217,"column":14},"end":{"line":218,"column":47}},"87":{"start":{"line":222,"column":8},"end":{"line":222,"column":54}},"88":{"start":{"line":225,"column":6},"end":{"line":225,"column":39}},"89":{"start":{"line":237,"column":0},"end":{"line":286,"column":2}},"90":{"start":{"line":238,"column":2},"end":{"line":243,"column":3}},"91":{"start":{"line":239,"column":4},"end":{"line":241,"column":5}},"92":{"start":{"line":240,"column":6},"end":{"line":240,"column":40}},"93":{"start":{"line":242,"column":4},"end":{"line":242,"column":46}},"94":{"start":{"line":245,"column":2},"end":{"line":285,"column":3}},"95":{"start":{"line":246,"column":4},"end":{"line":246,"column":43}},"96":{"start":{"line":248,"column":4},"end":{"line":264,"column":5}},"97":{"start":{"line":249,"column":6},"end":{"line":249,"column":55}},"98":{"start":{"line":250,"column":6},"end":{"line":258,"column":7}},"99":{"start":{"line":251,"column":8},"end":{"line":255,"column":11}},"100":{"start":{"line":254,"column":10},"end":{"line":254,"column":43}},"101":{"start":{"line":257,"column":8},"end":{"line":257,"column":42}},"102":{"start":{"line":260,"column":6},"end":{"line":260,"column":48}},"103":{"start":{"line":261,"column":6},"end":{"line":263,"column":20}},"104":{"start":{"line":266,"column":4},"end":{"line":266,"column":34}},"105":{"start":{"line":267,"column":4},"end":{"line":267,"column":42}},"106":{"start":{"line":268,"column":4},"end":{"line":281,"column":6}},"107":{"start":{"line":282,"column":4},"end":{"line":282,"column":23}},"108":{"start":{"line":283,"column":4},"end":{"line":283,"column":32}},"109":{"start":{"line":284,"column":4},"end":{"line":284,"column":44}},"110":{"start":{"line":292,"column":0},"end":{"line":292,"column":27}}},"branchMap":{"1":{"line":30,"type":"if","locations":[{"start":{"line":30,"column":2},"end":{"line":30,"column":2}},{"start":{"line":30,"column":2},"end":{"line":30,"column":2}}]},"2":{"line":34,"type":"if","locations":[{"start":{"line":34,"column":4},"end":{"line":34,"column":4}},{"start":{"line":34,"column":4},"end":{"line":34,"column":4}}]},"3":{"line":60,"type":"binary-expr","locations":[{"start":{"line":60,"column":22},"end":{"line":60,"column":43}},{"start":{"line":60,"column":47},"end":{"line":60,"column":49}}]},"4":{"line":65,"type":"if","locations":[{"start":{"line":65,"column":4},"end":{"line":65,"column":4}},{"start":{"line":65,"column":4},"end":{"line":65,"column":4}}]},"5":{"line":65,"type":"binary-expr","locations":[{"start":{"line":65,"column":8},"end":{"line":65,"column":26}},{"start":{"line":65,"column":30},"end":{"line":65,"column":58}},{"start":{"line":66,"column":6},"end":{"line":66,"column":41}},{"start":{"line":67,"column":6},"end":{"line":67,"column":46}}]},"6":{"line":90,"type":"if","locations":[{"start":{"line":90,"column":2},"end":{"line":90,"column":2}},{"start":{"line":90,"column":2},"end":{"line":90,"column":2}}]},"7":{"line":112,"type":"if","locations":[{"start":{"line":112,"column":2},"end":{"line":112,"column":2}},{"start":{"line":112,"column":2},"end":{"line":112,"column":2}}]},"8":{"line":115,"type":"if","locations":[{"start":{"line":115,"column":6},"end":{"line":115,"column":6}},{"start":{"line":115,"column":6},"end":{"line":115,"column":6}}]},"9":{"line":133,"type":"binary-expr","locations":[{"start":{"line":133,"column":20},"end":{"line":133,"column":27}},{"start":{"line":133,"column":31},"end":{"line":133,"column":33}}]},"10":{"line":148,"type":"binary-expr","locations":[{"start":{"line":148,"column":17},"end":{"line":148,"column":24}},{"start":{"line":148,"column":28},"end":{"line":148,"column":30}}]},"11":{"line":156,"type":"if","locations":[{"start":{"line":156,"column":2},"end":{"line":156,"column":2}},{"start":{"line":156,"column":2},"end":{"line":156,"column":2}}]},"12":{"line":156,"type":"binary-expr","locations":[{"start":{"line":156,"column":6},"end":{"line":156,"column":18}},{"start":{"line":156,"column":22},"end":{"line":156,"column":40}}]},"13":{"line":169,"type":"cond-expr","locations":[{"start":{"line":169,"column":46},"end":{"line":169,"column":48}},{"start":{"line":169,"column":51},"end":{"line":169,"column":77}}]},"14":{"line":174,"type":"if","locations":[{"start":{"line":174,"column":4},"end":{"line":174,"column":4}},{"start":{"line":174,"column":4},"end":{"line":174,"column":4}}]},"15":{"line":181,"type":"if","locations":[{"start":{"line":181,"column":10},"end":{"line":181,"column":10}},{"start":{"line":181,"column":10},"end":{"line":181,"column":10}}]},"16":{"line":189,"type":"if","locations":[{"start":{"line":189,"column":6},"end":{"line":189,"column":6}},{"start":{"line":189,"column":6},"end":{"line":189,"column":6}}]},"17":{"line":197,"type":"if","locations":[{"start":{"line":197,"column":8},"end":{"line":197,"column":8}},{"start":{"line":197,"column":8},"end":{"line":197,"column":8}}]},"18":{"line":202,"type":"if","locations":[{"start":{"line":202,"column":12},"end":{"line":202,"column":12}},{"start":{"line":202,"column":12},"end":{"line":202,"column":12}}]},"19":{"line":205,"type":"if","locations":[{"start":{"line":205,"column":19},"end":{"line":205,"column":19}},{"start":{"line":205,"column":19},"end":{"line":205,"column":19}}]},"20":{"line":239,"type":"if","locations":[{"start":{"line":239,"column":4},"end":{"line":239,"column":4}},{"start":{"line":239,"column":4},"end":{"line":239,"column":4}}]},"21":{"line":245,"type":"if","locations":[{"start":{"line":245,"column":2},"end":{"line":245,"column":2}},{"start":{"line":245,"column":2},"end":{"line":245,"column":2}}]},"22":{"line":248,"type":"if","locations":[{"start":{"line":248,"column":4},"end":{"line":248,"column":4}},{"start":{"line":248,"column":4},"end":{"line":248,"column":4}}]},"23":{"line":248,"type":"binary-expr","locations":[{"start":{"line":248,"column":8},"end":{"line":248,"column":23}},{"start":{"line":248,"column":27},"end":{"line":248,"column":42}}]}},"code":["// Copyright 2014-2016, Google, Inc.","// Licensed under the Apache License, Version 2.0 (the \"License\");","// you may not use this file except in compliance with the License.","// You may obtain a copy of the License at","//","//    http://www.apache.org/licenses/LICENSE-2.0","//","// Unless required by applicable law or agreed to in writing, software","// distributed under the License is distributed on an \"AS IS\" BASIS,","// WITHOUT WARRANTIES OR CONDITIONS OF ANY KIND, either express or implied.","// See the License for the specific language governing permissions and","// limitations under the License.","","'use strict';","","var generatorUtils = require('./generator_utils');","var DefaultTransporter = generatorUtils.DefaultTransporter;","var buildurl = generatorUtils.buildurl;","var handleError = generatorUtils.handleError;","var async = require('async
[...]
line":31,"column":73}}]},"2":{"line":31,"type":"cond-expr","locations":[{"start":{"line":31,"column":16},"end":{"line":31,"column":23}},{"start":{"line":31,"column":26},"end":{"line":31,"column":73}}]},"3":{"line":102,"type":"if","locations":[{"start":{"line":102,"column":2},"end":{"line":102,"column":2}},{"start":{"line":102,"column":2},"end":{"line":102,"column":2}}]},"4":{"line":106,"type":"if","locations":[{"start":{"line":106,"column":4},"end":{"line":106,"column":4}},{"start":{"line":106,"column":4},"end":{"line":106,"column":4}}]},"5":{"line":114,"type":"if","locations":[{"start":{"line":114,"column":2},"end":{"line":114,"column":2}},{"start":{"line":114,"column":2},"end":{"line":114,"column":2}}]},"6":{"line":143,"type":"binary-expr","locations":[{"start":{"line":143,"column":17},"end":{"line":143,"column":24}},{"start":{"line":143,"column":28},"end":{"line":143,"column":30}}]},"7":{"line":151,"type":"if","locations":[{"start":{"line":151,"column":2},"end":{"line":151,"column":2}},{"start":{"line":151,"column":2},"end":{"line":151,"column":2}}]},"8":{"line":151,"type":"binary-expr","locations":[{"start":{"line":151,"column":6},"end":{"line":151,"column":18}},{"start":{"line":151,"column":22},"end":{"line":151,"column":40}}]},"9":{"line":164,"type":"cond-expr","locations":[{"start":{"line":164,"column":46},"end":{"line":164,"column":48}},{"start":{"line":164,"column":51},"end":{"line":164,"column":77}}]},"10":{"line":169,"type":"if","locations":[{"start":{"line":169,"column":4},"end":{"line":169,"column":4}},{"start":{"line":169,"column":4},"end":{"line":169,"column":4}}]},"11":{"line":177,"type":"if","locations":[{"start":{"line":177,"column":8},"end":{"line":177,"column":8}},{"start":{"line":177,"column":8},"end":{"line":177,"column":8}}]},"12":{"line":195,"type":"if","locations":[{"start":{"line":195,"column":2},"end":{"line":195,"column":2}},{"start":{"line":195,"column":2},"end":{"line":195,"column":2}}]},"13":{"line":204,"type":"if","locations":[{"start":{"line":204,"column":12},"end":{"line":204,"column":12}},{"start":{"line":204,"column":12},"end":{"line":204,"column":12}}]},"14":{"line":207,"type":"if","locations":[{"start":{"line":207,"column":12},"end":{"line":207,"column":12}},{"start":{"line":207,"column":12},"end":{"line":207,"column":12}}]},"15":{"line":207,"type":"binary-expr","locations":[{"start":{"line":207,"column":16},"end":{"line":207,"column":24}},{"start":{"line":207,"column":28},"end":{"line":207,"column":49}},{"start":{"line":207,"column":53},"end":{"line":207,"column":85}}]},"16":{"line":215,"type":"if","locations":[{"start":{"line":215,"column":16},"end":{"line":215,"column":16}},{"start":{"line":215,"column":16},"end":{"line":215,"column":16}}]},"17":{"line":230,"type":"if","locations":[{"start":{"line":230,"column":2},"end":{"line":230,"column":2}},{"start":{"line":230,"column":2},"end":{"line":230,"column":2}}]},"18":{"line":249,"type":"if","locations":[{"start":{"line":249,"column":4},"end":{"line":249,"column":4}},{"start":{"line":249,"column":4},"end":{"line":249,"column":4}}]},"19":{"line":278,"type":"if","locations":[{"start":{"line":278,"column":6},"end":{"line":278,"column":6}},{"start":{"line":278,"column":6},"end":{"line":278,"column":6}}]},"20":{"line":288,"type":"if","locations":[{"start":{"line":288,"column":2},"end":{"line":288,"column":2}},{"start":{"line":288,"column":2},"end":{"line":288,"column":2}}]},"21":{"line":288,"type":"binary-expr","locations":[{"start":{"line":288,"column":6},"end":{"line":288,"column":21}},{"start":{"line":288,"column":25},"end":{"line":288,"column":40}}]}},"code":["// Copyright 2014-2016, Google, Inc.","// Licensed under the Apache License, Version 2.0 (the \"License\");","// you may not use this file except in compliance with the License.","// You may obtain a copy of the License at","//","//    http://www.apache.org/licenses/LICENSE-2.0","//","// Unless required by applicable law or agreed to in writing, software","// distributed under the License is distributed on an \"AS IS\" BASIS,","// WITHOUT WARRANTIES OR CONDITIONS OF ANY KIND, either express or implied.","// See the License for the specific language governing permissions and","// limitations under the License.","","'use strict';","","var generatorUtils = require('./generator_utils');","var DefaultTransporter = generatorUtils.DefaultTransporter;","var buildurl = generatorUtils.buildurl;","var handleError = generatorUtils.handleError;","var async = require('async');","var swig = require('swig');","var beautify = require('js-beautify').js_beautify;","var path = require('path');","var mkdirp = require('mkdirp');","var fs = require('fs');","var url = require('url');","var argv = require('minimist')(process.argv.slice(2));","var args = argv._;","","var DISCOVERY_URL = argv['discovery-url'] ? argv['discovery-url'] : (","  args.length ? args[0] : 'https://www.googleapis.com/discovery/v1/apis/'",");","var FRAGMENT_URL = 'https://storage.googleapis.com/apisnippets-staging/public/';","","var API_TEMPLATE = './templates/api-endpoint.js';","var BEAUTIFY_OPTIONS = {","  'indent_size': 2,","  'indent_char': ' ',","  'eol': '\\n',","  'indent_level': 0,","  'indent_with_tabs': false,","  'preserve_newlines': true,","  'max_preserve_newlines': 2,","  'jslint_happy': false,","  'space_after_anon_function': true,","  'brace_style': 'collapse',","  'keep_array_indentation': false,","  'keep_function_indentation': true,","  'space_before_conditional': true,","  'break_chained_methods': false,","  'eval_code': false,","  'unescape_strings': false,","  'wrap_line_length': 0,","  'wrap_attributes': 'auto',","  'wrap_attributes_indent_size': 4,","  'end_with_newline': true","};","var RESERVED_PARAMS = ['resource', 'media', 'auth'];","var templateContents = fs.readFileSync(API_TEMPLATE, { encoding: 'utf8' });","var transporter = new DefaultTransporter();","","/**"," * A multi-line string is turned into one line."," *"," * @private"," * @param  {string} str String to process"," * @return {string}     Single line string processed"," */","function oneLine (str) {","  return str.replace(/\\n/g, ' ');","}","","/**"," * Clean a string of comment tags."," *"," * @private"," * @param  {string} str String to process"," * @return {string}     Single line string processed"," */","function cleanComments (str) {","  // Convert /* into /x and */ into x/","  return str.replace(/\\*\\//g, 'x/').replace(/\\/\\*/g, '/x');","}","","/**"," * Returns the list of names of APIS"," *"," * @private"," * @param  {object} items Object of api endpoints"," * @return {array}        Array of api names"," */","function getAPIs (items) {","  var apis = [];","  for (var i in items) {","    apis.push(items[i].name);","  }","  return apis;","}","","function getPathParams (params) {","  var pathParams = [];","  if (typeof params !== 'object') {","    params = {};","  }","  Object.keys(params).forEach(function (key) {","    if (params[key].location === 'path') {","      pathParams.push(key);","    }","  });","  return pathParams;","}","","function getSafeParamName (param) {","  if (RESERVED_PARAMS.indexOf(param) !== -1) {","    return param + '_';","  }","  return param;","}","","/**"," * Disable auto-escaping its output"," * @type {Boolean}"," */","swig.setFilter('buildurl', buildurl);","swig.setFilter('getAPIs', getAPIs);","swig.setFilter('oneLine', oneLine);","swig.setFilter('cleanComments', cleanComments);","swig.setFilter('getPathParams', getPathParams);","swig.setFilter('getSafeParamName', getSafeParamName);","swig.setFilter('cleanPaths', function (str) {","  return str.replace(/\\/\\*\\//gi, '/x/').replace(/\\/\\*`/gi, '/x');","});","swig.setDefaults({ loader: swig.loaders.fs(path.join(__dirname, '..', 'templates')) });","","/**"," * Generator for generating API endpoints"," *"," * @private"," * @param {object} options Options for generation"," * @this {Generator}"," */","function Generator (options) {","  this.options = options || {};","}","","/**"," * Log output of generator"," * Works just like console.log"," */","Generator.prototype.log = function () {","  if (this.options && this.options.debug) {","    console.log.apply(this, arguments);","  }","};","","/**"," * Generate all APIs and write to files."," *"," * @param {function} callback Callback when all APIs have been generated"," * @throws {Error} If there is an error generating any of the APIs"," */","Generator.prototype.generateAllAPIs = function (callback) {","  var self = this;","  var headers = this.options.includePrivate ? {} : { 'X-User-Ip': '0.0.0.0' };","  transporter.request({","    uri: DISCOVERY_URL,","    headers: headers","  }, function (err, resp) {","    if (err) {","      return handleError(err, callback);","    }","    var apis = resp.items;","","    var queue = async.queue(function (api, next) {","      self.log('Generating API for %s...', api.id);","      self.generateAPI(api.discoveryRestUrl, function (err, filename) {","        if (err) {","          // Try again","          self.generateAPI(api.discoveryRestUrl, next);","        } else {","          next(err, filename);","        }","      });","    }, 10);","","    apis.forEach(function (api) {","      queue.push(api);","    });","","    queue.drain = callback;","  });","};","","function getFragmentsForSchema (schema, path, tasks) {","  if (schema.methods) {","    for (var methodName in schema.methods) {","      var methodSchema = schema.methods[methodName];","      methodSchema.sampleUrl = path + '.' + methodName + '.frag.json';","      (function (schema) {","        tasks.push(function (cb) {","          transporter.request({","            uri: schema.sampleUrl","          }, function (err, response) {","            if (err) {","              return cb(err);","            }","            if (response && response.codeFragment && response.codeFragment['Node.js']) {","              var fragment = response.codeFragment['Node.js'].fragment;","              fragment = fragment.replace(/\\/\\*/gi, '/<');","              fragment = fragment.replace(/\\*\\//gi, '>/');","              fragment = fragment.replace(/`\\*/gi, '`<');","              fragment = fragment.replace(/\\*`/gi, '>`');","              var lines = fragment.split('\\n');","              lines.forEach(function (_line, i) {","                if (_line) {","                  lines[i] = '* ' + lines[i];","                } else {","                  lines[i] = '*';","                }","              });","              fragment = lines.join('\\n');","              schema.fragment = fragment;","            }","            cb();","          });","        });","      })(methodSchema);","    }","  }","  if (schema.resources) {","    for (var resourceName in schema.resources) {","      getFragmentsForSchema(","        schema.resources[resourceName],","        path + '.' + resourceName,","        tasks","      );","    }","  }","}","","/**"," * Generate API file given discovery URL"," * @param  {String} apiDiscoveryUrl URL or filename of discovery doc for API"," * @param {function} callback Callback when successful write of API"," * @throws {Error} If there is an error generating the API."," */","Generator.prototype.generateAPI = function (apiDiscoveryUrl, callback) {","  function _generate (err, resp) {","    if (err) {","      handleError(err, callback);","      return;","    }","    var tasks = [];","    getFragmentsForSchema(","      resp,","      FRAGMENT_URL + resp.name + '/' + resp.version + '/0/' + resp.name,","      tasks","    );","","    // e.g. apis/drive/v2.js","    var exportFilename = path.join(__dirname, '../apis', resp.name, resp.version + '.js');","    var contents;","","    async.waterfall([","      function (cb) {","        async.parallel(tasks, cb);","      },","      function (results, cb) {","        var result = swig.render(templateContents, { locals: resp });","        contents = beautify(result, BEAUTIFY_OPTIONS);","","        mkdirp(path.dirname(exportFilename), cb);","      },","      function (dir, cb) {","        fs.writeFile(exportFilename, contents, { encoding: 'utf8' }, cb);","      }","    ], function (err) {","      if (err) {","        handleError(err, callback);","        return;","      }","      callback(null, exportFilename);","    });","  }","","  var parts = url.parse(apiDiscoveryUrl);","","  if (apiDiscoveryUrl && !parts.protocol) {","    this.log('Reading from file ' + apiDiscoveryUrl);","    try {","      return _generate(null, JSON.parse(fs.readFileSync(apiDiscoveryUrl, {","        encoding: 'utf-8'","      })));","    } catch (err) {","      return handleError(err, callback);","    }","  } else {","    this.log('Requesting ' + apiDiscoveryUrl);","    transporter.request({","      uri: apiDiscoveryUrl","    }, _generate);","  }","};","","/**"," * Export the Generator object"," * @type {Generator}"," */","module.exports = Generator;",""],"l":{"16":4,"17":4,"18":4,"19":4,"20":4,"21":4,"22":0,"23":0,"24":0,"25":0,"26":0,"27":0,"28":0,"30":0,"33":0,"35":0,"36":0,"58":0,"59":0,"60":0,"69":1,"70":0,"80":1,"82":0,"92":1,"93":0,"94":0,"95":0,"97":0,"100":1,"101":0,"102":0,"103":0,"105":0,"106":0,"107":0,"110":0,"113":1,"114":0,"115":0,"117":0,"124":0,"125":0,"126":0,"127":0,"128":0,"129":0,"130":0,"131":0,"133":0,"142":1,"143":0,"150":0,"151":0,"152":0,"162":0,"163":0,"164":0,"165":0,"169":0,"170":0,"172":0,"174":0,"175":0,"176":0,"177":0,"179":0,"181":0,"186":0,"187":0,"190":0,"194":1,"195":0,"196":0,"197":0,"198":0,"199":0,"200":0,"201":0,"204":0,"205":0,"207":0,"208":0,"209":0,"210":0,"211":0,"212":0,"213":0,"214":0,"215":0,"216":0,"218":0,"221":0,"222":0,"224":0,"230":0,"231":0,"232":0,"247":0,"248":1,"249":0,"250":0,"251":0,"253":0,"254":0,"261":0,"262":0,"264":0,"266":0,"269":0,"270":0,"272":0,"275":0,"278":0,"279":0,"280":0,"282":0,"286":0,"288":0,"289":0,"290":0,"291":0,"295":0,"298":0,"299":0,"309":0}},"/home/travis/build/npmtest/node-npmtest-googleapis/node_modules/googleapis/lib/pemverifier.js":{"path":"/home/travis/build/npmtest/node-npmtest-googleapis/node_modules/googleapis/lib/pemverifier.js","s":{"1":1},"b":{},"f":{},"fnMap":{},"statementMap":{"1":{"start":{"line":24,"column":0},"end":{"line":24,"column":67}}},"branchMap":{},"code":["// Copyright 2012-2016, Google, Inc.","// Licensed under the Apache License, Version 2.0 (the \"License\");","// you may not use this file except in compliance with the License.","// You may obtain a copy of the License at","//","//    http://www.apache.org/licenses/LICENSE-2.0","//","// Unless required by applicable law or agreed to in writing, software","// distributed under the License is distributed on an \"AS IS\" BASIS,","// WITHOUT WARRANTIES OR CONDITIONS OF ANY KIND, either express or implied.","// See the License for the specific language governing permissions and","// limitations under the License.","","'use strict';","","/**"," * This code has been moved to the google-auth-library repo, at"," * https://github.com/google/google-auth-library-nodejs."," *"," * Please update your references to point to the google-auth-library implementation,"," * rather than this file."," */","","module.exports = require('google-auth-library/lib/pemverifier.js');",""],"l":{"24":1}},"/home/travis/build/npmtest/node-npmtest-googleapis/node_modules/googleapis/scripts/generate.js":{"path":"/home/travis/build/npmtest/node-npmtest-googleapis/node_modules/googleapis/scripts/generate.js","s":{"1":2,"2":0,"3":0,"4":0,"5":0,"6":0,"7":0,"8":0,"9":0,"10":0,"11":0,"12":0,"13":0,"14":0,"15":0,"16":0,"17":0,"18":0,"19":0,"20":0,"21":0,"22":0},"b":{"1":[0,0],"2":[0,0],"3":[0,0],"4":[0,0]},"f":{"1":0,"2":0,"3":0,"4":0},"fnMap":{"1":{"name":"(anonymous_1)","line":32,"loc":{"start":{"line":32,"column":15},"end":{"line":32,"column":30}}},"2":{"name":"(anonymous_2)","line":33,"loc":{"start":{"line":33,"column":25},"end":{"line":33,"column":40}}},"3":{"name":"(anonymous_3)","line":42,"loc":{"start":{"line":42,"column":45},"end":{"line":42,"column":60}}},"4":{"name":"(anonymous_4)","line":47,"loc":{"start":{"line":47,"column":24},"end":{"line":47,"column":39}}}},"statementMap":{"1":{"start":{"line":19,"column":0},"end":{"line":19,"column":44}},"2":{"start":{"line":20,"column":0},"end":{"line":20,"column":31}},"3":{"start":{"line":21,"column":0},"end":{"line":21,"column":27}},"4":{"start":{"line":22,"column":0},"end":{"line":22,"column":18}},"5":{"start":{"line":24,"column":0},"end":{"line":24,"column":54}},"6":{"start":{"line":27,"column":0},"end":{"line":27,"column":65}},"7":{"start":{"line":29,"column":0},"end":{"line":29,"column":18}},"8":{"start":{"line":31,"column":0},"end":{"line":54,"column":1}},"9":{"start":{"line":32,"column":2},"end":{"line":39,"column":5}},"10":{"start":{"line":33,"column":4},"end":{"line":38,"column":7}},"11":{"start":{"line":34,"column":6},"end":{"line":36,"column":7}},"12":{"start":{"line":35,"column":8},"end":{"line":35,"column":18}},"13":{"start":{"line":37,"column":6},"end":{"line":37,"column":46}},"14":{"start":{"line":41,"column":2},"end":{"line":41,"column":38}},"15":{"start":{"line":42,"column":2},"end":{"line":53,"column":5}},"16":{"start":{"line":43,"column":4},"end":{"line":45,"column":5}},"17":{"start":{"line":44,"column":6},"end":{"line":44,"column":16}},"18":{"start":{"line":46,"column":4},"end":{"line":46,"column":38}},"19":{"start":{"line":47,"column":4},"end":{"line":52,"column":7}},"20":{"start":{"line":48,"column":6},"end":{"line":50,"column":7}},"21":{"start":{"line":49,"column":8},"end":{"line":49,"column":18}},"22":{"start":{"line":51,"column":6},"end":{"line":51,"column":47}}},"branchMap":{"1":{"line":31,"type":"if","locations":[{"start":{"line":31,"column":0},"end":{"line":31,"column":0}},{"start":{"line":31,"column":0},"end":{"line":31,"column":0}}]},"2":{"line":34,"type":"if","locations":[{"start":{"line":34,"column":6},"end":{"line":34,"column":6}},{"start":{"line":34,"column":6},"end":{"line":34,"column":6}}]},"3":{"line":43,"type":"if","locations":[{"start":{"line":43,"column":4},"end":{"line":43,"column":4}},{"start":{"line":43,"column":4},"end":{"line":43,"column":4}}]},"4":{"line":48,"type":"if","locations":[{"start":{"line":48,"column":6},"end":{"line":48,"column":6}},{"start":{"line":48,"column":6},"end":{"line":48,"column":6}}]}},"code":["/**"," * Copyright 2014 Google Inc. All Rights Reserved."," *"," * Licensed under the Apache License, Version 2.0 (the \"License\");"," * you may not use this file except in compliance with the License."," * You may obtain a copy of the License at"," *"," *      http://www.apache.org/licenses/LICENSE-2.0"," *"," * Unless required by applicable law or agreed to in writing, software"," * distributed under the License is distributed on an \"AS IS\" BASIS,"," * WITHOUT WARRANTIES OR CONDITIONS OF ANY KIND, either express or implied."," * See the License for the specific language governing permissions and"," * limitations under the License."," */","","'use strict';","","var Generator = require('../lib/generator');","var rimraf = require('rimraf');","var path = require('path');","var debug = false;","","var argv = require('minimist')(process.argv.slice(2));","","// constructors","var gen = new Generator({ debug: debug, includePrivate: false });","","var args = argv._;","","if (args.length) {","  args.forEach(function (url) {","    gen.generateAPI(url, function (err) {","      if (err) {","        throw err;","      }","      console.log('Generated API for ' + url);","    });","  });","} else {","  console.log('Removing old APIs...');","  rimraf(path.join(__dirname, '..', 'apis'), function (err) {","    if (err) {","      throw err;","    }","    console.log('Generating APIs...');","    gen.generateAllAPIs(function (err) {","      if (err) {","        throw err;","      }","      console.log('Finished generating APIs!');","    });","  });","}",""],"l":{"19":2,"20":0,"21":0,"22":0,"24":0,"27":0,"29":0,"31":0,"32":0,"33":0,"34":0,"35":0,"37":0,"41":0,"42":0,"43":0,"44":0,"46":0,"47":0,"48":0,"49":0,"51":0}}}